<?xml version="1.0" encoding="UTF-8"?>
<testsuite name="KnapsackTest" tests="7" skipped="0" failures="4" errors="0" timestamp="2020-01-21T19:52:59" hostname="starlord.solaris" time="0.182">
  <properties/>
  <testcase name="testFiveItemsCannotBeGreedyByWeight" classname="KnapsackTest" time="0.049">
    <failure message="java.lang.AssertionError: expected:&lt;21&gt; but was:&lt;26&gt;" type="java.lang.AssertionError">java.lang.AssertionError: expected:&lt;21&gt; but was:&lt;26&gt;
	at org.junit.Assert.fail(Assert.java:88)
	at org.junit.Assert.failNotEquals(Assert.java:834)
	at org.junit.Assert.assertEquals(Assert.java:645)
	at org.junit.Assert.assertEquals(Assert.java:631)
	at KnapsackTest.testFiveItemsCannotBeGreedyByWeight(KnapsackTest.java:40)
	at java.base/jdk.internal.reflect.NativeMethodAccessorImpl.invoke0(Native Method)
	at java.base/jdk.internal.reflect.NativeMethodAccessorImpl.invoke(NativeMethodAccessorImpl.java:62)
	at java.base/jdk.internal.reflect.DelegatingMethodAccessorImpl.invoke(DelegatingMethodAccessorImpl.java:43)
	at java.base/java.lang.reflect.Method.invoke(Method.java:567)
	at org.junit.runners.model.FrameworkMethod$1.runReflectiveCall(FrameworkMethod.java:50)
	at org.junit.internal.runners.model.ReflectiveCallable.run(ReflectiveCallable.java:12)
	at org.junit.runners.model.FrameworkMethod.invokeExplosively(FrameworkMethod.java:47)
	at org.junit.internal.runners.statements.InvokeMethod.evaluate(InvokeMethod.java:17)
	at org.junit.internal.runners.statements.RunBefores.evaluate(RunBefores.java:26)
	at org.junit.runners.ParentRunner.runLeaf(ParentRunner.java:325)
	at org.junit.runners.BlockJUnit4ClassRunner.runChild(BlockJUnit4ClassRunner.java:78)
	at org.junit.runners.BlockJUnit4ClassRunner.runChild(BlockJUnit4ClassRunner.java:57)
	at org.junit.runners.ParentRunner$3.run(ParentRunner.java:290)
	at org.junit.runners.ParentRunner$1.schedule(ParentRunner.java:71)
	at org.junit.runners.ParentRunner.runChildren(ParentRunner.java:288)
	at org.junit.runners.ParentRunner.access$000(ParentRunner.java:58)
	at org.junit.runners.ParentRunner$2.evaluate(ParentRunner.java:268)
	at org.junit.runners.ParentRunner.run(ParentRunner.java:363)
	at org.gradle.api.internal.tasks.testing.junit.JUnitTestClassExecutor.runTestClass(JUnitTestClassExecutor.java:110)
	at org.gradle.api.internal.tasks.testing.junit.JUnitTestClassExecutor.execute(JUnitTestClassExecutor.java:58)
	at org.gradle.api.internal.tasks.testing.junit.JUnitTestClassExecutor.execute(JUnitTestClassExecutor.java:38)
	at org.gradle.api.internal.tasks.testing.junit.AbstractJUnitTestClassProcessor.processTestClass(AbstractJUnitTestClassProcessor.java:62)
	at org.gradle.api.internal.tasks.testing.SuiteTestClassProcessor.processTestClass(SuiteTestClassProcessor.java:51)
	at java.base/jdk.internal.reflect.NativeMethodAccessorImpl.invoke0(Native Method)
	at java.base/jdk.internal.reflect.NativeMethodAccessorImpl.invoke(NativeMethodAccessorImpl.java:62)
	at java.base/jdk.internal.reflect.DelegatingMethodAccessorImpl.invoke(DelegatingMethodAccessorImpl.java:43)
	at java.base/java.lang.reflect.Method.invoke(Method.java:567)
	at org.gradle.internal.dispatch.ReflectionDispatch.dispatch(ReflectionDispatch.java:36)
	at org.gradle.internal.dispatch.ReflectionDispatch.dispatch(ReflectionDispatch.java:24)
	at org.gradle.internal.dispatch.ContextClassLoaderDispatch.dispatch(ContextClassLoaderDispatch.java:33)
	at org.gradle.internal.dispatch.ProxyDispatchAdapter$DispatchingInvocationHandler.invoke(ProxyDispatchAdapter.java:94)
	at com.sun.proxy.$Proxy2.processTestClass(Unknown Source)
	at org.gradle.api.internal.tasks.testing.worker.TestWorker.processTestClass(TestWorker.java:118)
	at java.base/jdk.internal.reflect.NativeMethodAccessorImpl.invoke0(Native Method)
	at java.base/jdk.internal.reflect.NativeMethodAccessorImpl.invoke(NativeMethodAccessorImpl.java:62)
	at java.base/jdk.internal.reflect.DelegatingMethodAccessorImpl.invoke(DelegatingMethodAccessorImpl.java:43)
	at java.base/java.lang.reflect.Method.invoke(Method.java:567)
	at org.gradle.internal.dispatch.ReflectionDispatch.dispatch(ReflectionDispatch.java:36)
	at org.gradle.internal.dispatch.ReflectionDispatch.dispatch(ReflectionDispatch.java:24)
	at org.gradle.internal.remote.internal.hub.MessageHubBackedObjectConnection$DispatchWrapper.dispatch(MessageHubBackedObjectConnection.java:182)
	at org.gradle.internal.remote.internal.hub.MessageHubBackedObjectConnection$DispatchWrapper.dispatch(MessageHubBackedObjectConnection.java:164)
	at org.gradle.internal.remote.internal.hub.MessageHub$Handler.run(MessageHub.java:412)
	at org.gradle.internal.concurrent.ExecutorPolicy$CatchAndRecordFailures.onExecute(ExecutorPolicy.java:64)
	at org.gradle.internal.concurrent.ManagedExecutorImpl$1.run(ManagedExecutorImpl.java:48)
	at java.base/java.util.concurrent.ThreadPoolExecutor.runWorker(ThreadPoolExecutor.java:1128)
	at java.base/java.util.concurrent.ThreadPoolExecutor$Worker.run(ThreadPoolExecutor.java:628)
	at org.gradle.internal.concurrent.ThreadFactoryImpl$ManagedThreadRunnable.run(ThreadFactoryImpl.java:56)
	at java.base/java.lang.Thread.run(Thread.java:835)
</failure>
  </testcase>
  <testcase name="testOneItemTooHeavy" classname="KnapsackTest" time="0.001"/>
  <testcase name="testEightItems" classname="KnapsackTest" time="0.03">
    <failure message="java.lang.AssertionError: expected:&lt;900&gt; but was:&lt;1238&gt;" type="java.lang.AssertionError">java.lang.AssertionError: expected:&lt;900&gt; but was:&lt;1238&gt;
	at org.junit.Assert.fail(Assert.java:88)
	at org.junit.Assert.failNotEquals(Assert.java:834)
	at org.junit.Assert.assertEquals(Assert.java:645)
	at org.junit.Assert.assertEquals(Assert.java:631)
	at KnapsackTest.testEightItems(KnapsackTest.java:77)
	at java.base/jdk.internal.reflect.NativeMethodAccessorImpl.invoke0(Native Method)
	at java.base/jdk.internal.reflect.NativeMethodAccessorImpl.invoke(NativeMethodAccessorImpl.java:62)
	at java.base/jdk.internal.reflect.DelegatingMethodAccessorImpl.invoke(DelegatingMethodAccessorImpl.java:43)
	at java.base/java.lang.reflect.Method.invoke(Method.java:567)
	at org.junit.runners.model.FrameworkMethod$1.runReflectiveCall(FrameworkMethod.java:50)
	at org.junit.internal.runners.model.ReflectiveCallable.run(ReflectiveCallable.java:12)
	at org.junit.runners.model.FrameworkMethod.invokeExplosively(FrameworkMethod.java:47)
	at org.junit.internal.runners.statements.InvokeMethod.evaluate(InvokeMethod.java:17)
	at org.junit.internal.runners.statements.RunBefores.evaluate(RunBefores.java:26)
	at org.junit.runners.ParentRunner.runLeaf(ParentRunner.java:325)
	at org.junit.runners.BlockJUnit4ClassRunner.runChild(BlockJUnit4ClassRunner.java:78)
	at org.junit.runners.BlockJUnit4ClassRunner.runChild(BlockJUnit4ClassRunner.java:57)
	at org.junit.runners.ParentRunner$3.run(ParentRunner.java:290)
	at org.junit.runners.ParentRunner$1.schedule(ParentRunner.java:71)
	at org.junit.runners.ParentRunner.runChildren(ParentRunner.java:288)
	at org.junit.runners.ParentRunner.access$000(ParentRunner.java:58)
	at org.junit.runners.ParentRunner$2.evaluate(ParentRunner.java:268)
	at org.junit.runners.ParentRunner.run(ParentRunner.java:363)
	at org.gradle.api.internal.tasks.testing.junit.JUnitTestClassExecutor.runTestClass(JUnitTestClassExecutor.java:110)
	at org.gradle.api.internal.tasks.testing.junit.JUnitTestClassExecutor.execute(JUnitTestClassExecutor.java:58)
	at org.gradle.api.internal.tasks.testing.junit.JUnitTestClassExecutor.execute(JUnitTestClassExecutor.java:38)
	at org.gradle.api.internal.tasks.testing.junit.AbstractJUnitTestClassProcessor.processTestClass(AbstractJUnitTestClassProcessor.java:62)
	at org.gradle.api.internal.tasks.testing.SuiteTestClassProcessor.processTestClass(SuiteTestClassProcessor.java:51)
	at java.base/jdk.internal.reflect.NativeMethodAccessorImpl.invoke0(Native Method)
	at java.base/jdk.internal.reflect.NativeMethodAccessorImpl.invoke(NativeMethodAccessorImpl.java:62)
	at java.base/jdk.internal.reflect.DelegatingMethodAccessorImpl.invoke(DelegatingMethodAccessorImpl.java:43)
	at java.base/java.lang.reflect.Method.invoke(Method.java:567)
	at org.gradle.internal.dispatch.ReflectionDispatch.dispatch(ReflectionDispatch.java:36)
	at org.gradle.internal.dispatch.ReflectionDispatch.dispatch(ReflectionDispatch.java:24)
	at org.gradle.internal.dispatch.ContextClassLoaderDispatch.dispatch(ContextClassLoaderDispatch.java:33)
	at org.gradle.internal.dispatch.ProxyDispatchAdapter$DispatchingInvocationHandler.invoke(ProxyDispatchAdapter.java:94)
	at com.sun.proxy.$Proxy2.processTestClass(Unknown Source)
	at org.gradle.api.internal.tasks.testing.worker.TestWorker.processTestClass(TestWorker.java:118)
	at java.base/jdk.internal.reflect.NativeMethodAccessorImpl.invoke0(Native Method)
	at java.base/jdk.internal.reflect.NativeMethodAccessorImpl.invoke(NativeMethodAccessorImpl.java:62)
	at java.base/jdk.internal.reflect.DelegatingMethodAccessorImpl.invoke(DelegatingMethodAccessorImpl.java:43)
	at java.base/java.lang.reflect.Method.invoke(Method.java:567)
	at org.gradle.internal.dispatch.ReflectionDispatch.dispatch(ReflectionDispatch.java:36)
	at org.gradle.internal.dispatch.ReflectionDispatch.dispatch(ReflectionDispatch.java:24)
	at org.gradle.internal.remote.internal.hub.MessageHubBackedObjectConnection$DispatchWrapper.dispatch(MessageHubBackedObjectConnection.java:182)
	at org.gradle.internal.remote.internal.hub.MessageHubBackedObjectConnection$DispatchWrapper.dispatch(MessageHubBackedObjectConnection.java:164)
	at org.gradle.internal.remote.internal.hub.MessageHub$Handler.run(MessageHub.java:412)
	at org.gradle.internal.concurrent.ExecutorPolicy$CatchAndRecordFailures.onExecute(ExecutorPolicy.java:64)
	at org.gradle.internal.concurrent.ManagedExecutorImpl$1.run(ManagedExecutorImpl.java:48)
	at java.base/java.util.concurrent.ThreadPoolExecutor.runWorker(ThreadPoolExecutor.java:1128)
	at java.base/java.util.concurrent.ThreadPoolExecutor$Worker.run(ThreadPoolExecutor.java:628)
	at org.gradle.internal.concurrent.ThreadFactoryImpl$ManagedThreadRunnable.run(ThreadFactoryImpl.java:56)
	at java.base/java.lang.Thread.run(Thread.java:835)
</failure>
  </testcase>
  <testcase name="testFiveItemsCannotBeGreedyByValue" classname="KnapsackTest" time="0.001"/>
  <testcase name="testNoItems" classname="KnapsackTest" time="0.0"/>
  <testcase name="testExampleKnapsack" classname="KnapsackTest" time="0.002">
    <failure message="java.lang.AssertionError: expected:&lt;90&gt; but was:&lt;100&gt;" type="java.lang.AssertionError">java.lang.AssertionError: expected:&lt;90&gt; but was:&lt;100&gt;
	at org.junit.Assert.fail(Assert.java:88)
	at org.junit.Assert.failNotEquals(Assert.java:834)
	at org.junit.Assert.assertEquals(Assert.java:645)
	at org.junit.Assert.assertEquals(Assert.java:631)
	at KnapsackTest.testExampleKnapsack(KnapsackTest.java:63)
	at java.base/jdk.internal.reflect.NativeMethodAccessorImpl.invoke0(Native Method)
	at java.base/jdk.internal.reflect.NativeMethodAccessorImpl.invoke(NativeMethodAccessorImpl.java:62)
	at java.base/jdk.internal.reflect.DelegatingMethodAccessorImpl.invoke(DelegatingMethodAccessorImpl.java:43)
	at java.base/java.lang.reflect.Method.invoke(Method.java:567)
	at org.junit.runners.model.FrameworkMethod$1.runReflectiveCall(FrameworkMethod.java:50)
	at org.junit.internal.runners.model.ReflectiveCallable.run(ReflectiveCallable.java:12)
	at org.junit.runners.model.FrameworkMethod.invokeExplosively(FrameworkMethod.java:47)
	at org.junit.internal.runners.statements.InvokeMethod.evaluate(InvokeMethod.java:17)
	at org.junit.internal.runners.statements.RunBefores.evaluate(RunBefores.java:26)
	at org.junit.runners.ParentRunner.runLeaf(ParentRunner.java:325)
	at org.junit.runners.BlockJUnit4ClassRunner.runChild(BlockJUnit4ClassRunner.java:78)
	at org.junit.runners.BlockJUnit4ClassRunner.runChild(BlockJUnit4ClassRunner.java:57)
	at org.junit.runners.ParentRunner$3.run(ParentRunner.java:290)
	at org.junit.runners.ParentRunner$1.schedule(ParentRunner.java:71)
	at org.junit.runners.ParentRunner.runChildren(ParentRunner.java:288)
	at org.junit.runners.ParentRunner.access$000(ParentRunner.java:58)
	at org.junit.runners.ParentRunner$2.evaluate(ParentRunner.java:268)
	at org.junit.runners.ParentRunner.run(ParentRunner.java:363)
	at org.gradle.api.internal.tasks.testing.junit.JUnitTestClassExecutor.runTestClass(JUnitTestClassExecutor.java:110)
	at org.gradle.api.internal.tasks.testing.junit.JUnitTestClassExecutor.execute(JUnitTestClassExecutor.java:58)
	at org.gradle.api.internal.tasks.testing.junit.JUnitTestClassExecutor.execute(JUnitTestClassExecutor.java:38)
	at org.gradle.api.internal.tasks.testing.junit.AbstractJUnitTestClassProcessor.processTestClass(AbstractJUnitTestClassProcessor.java:62)
	at org.gradle.api.internal.tasks.testing.SuiteTestClassProcessor.processTestClass(SuiteTestClassProcessor.java:51)
	at java.base/jdk.internal.reflect.NativeMethodAccessorImpl.invoke0(Native Method)
	at java.base/jdk.internal.reflect.NativeMethodAccessorImpl.invoke(NativeMethodAccessorImpl.java:62)
	at java.base/jdk.internal.reflect.DelegatingMethodAccessorImpl.invoke(DelegatingMethodAccessorImpl.java:43)
	at java.base/java.lang.reflect.Method.invoke(Method.java:567)
	at org.gradle.internal.dispatch.ReflectionDispatch.dispatch(ReflectionDispatch.java:36)
	at org.gradle.internal.dispatch.ReflectionDispatch.dispatch(ReflectionDispatch.java:24)
	at org.gradle.internal.dispatch.ContextClassLoaderDispatch.dispatch(ContextClassLoaderDispatch.java:33)
	at org.gradle.internal.dispatch.ProxyDispatchAdapter$DispatchingInvocationHandler.invoke(ProxyDispatchAdapter.java:94)
	at com.sun.proxy.$Proxy2.processTestClass(Unknown Source)
	at org.gradle.api.internal.tasks.testing.worker.TestWorker.processTestClass(TestWorker.java:118)
	at java.base/jdk.internal.reflect.NativeMethodAccessorImpl.invoke0(Native Method)
	at java.base/jdk.internal.reflect.NativeMethodAccessorImpl.invoke(NativeMethodAccessorImpl.java:62)
	at java.base/jdk.internal.reflect.DelegatingMethodAccessorImpl.invoke(DelegatingMethodAccessorImpl.java:43)
	at java.base/java.lang.reflect.Method.invoke(Method.java:567)
	at org.gradle.internal.dispatch.ReflectionDispatch.dispatch(ReflectionDispatch.java:36)
	at org.gradle.internal.dispatch.ReflectionDispatch.dispatch(ReflectionDispatch.java:24)
	at org.gradle.internal.remote.internal.hub.MessageHubBackedObjectConnection$DispatchWrapper.dispatch(MessageHubBackedObjectConnection.java:182)
	at org.gradle.internal.remote.internal.hub.MessageHubBackedObjectConnection$DispatchWrapper.dispatch(MessageHubBackedObjectConnection.java:164)
	at org.gradle.internal.remote.internal.hub.MessageHub$Handler.run(MessageHub.java:412)
	at org.gradle.internal.concurrent.ExecutorPolicy$CatchAndRecordFailures.onExecute(ExecutorPolicy.java:64)
	at org.gradle.internal.concurrent.ManagedExecutorImpl$1.run(ManagedExecutorImpl.java:48)
	at java.base/java.util.concurrent.ThreadPoolExecutor.runWorker(ThreadPoolExecutor.java:1128)
	at java.base/java.util.concurrent.ThreadPoolExecutor$Worker.run(ThreadPoolExecutor.java:628)
	at org.gradle.internal.concurrent.ThreadFactoryImpl$ManagedThreadRunnable.run(ThreadFactoryImpl.java:56)
	at java.base/java.lang.Thread.run(Thread.java:835)
</failure>
  </testcase>
  <testcase name="testFifteenItems" classname="KnapsackTest" time="0.096">
    <failure message="java.lang.AssertionError: expected:&lt;1458&gt; but was:&lt;1591&gt;" type="java.lang.AssertionError">java.lang.AssertionError: expected:&lt;1458&gt; but was:&lt;1591&gt;
	at org.junit.Assert.fail(Assert.java:88)
	at org.junit.Assert.failNotEquals(Assert.java:834)
	at org.junit.Assert.assertEquals(Assert.java:645)
	at org.junit.Assert.assertEquals(Assert.java:631)
	at KnapsackTest.testFifteenItems(KnapsackTest.java:98)
	at java.base/jdk.internal.reflect.NativeMethodAccessorImpl.invoke0(Native Method)
	at java.base/jdk.internal.reflect.NativeMethodAccessorImpl.invoke(NativeMethodAccessorImpl.java:62)
	at java.base/jdk.internal.reflect.DelegatingMethodAccessorImpl.invoke(DelegatingMethodAccessorImpl.java:43)
	at java.base/java.lang.reflect.Method.invoke(Method.java:567)
	at org.junit.runners.model.FrameworkMethod$1.runReflectiveCall(FrameworkMethod.java:50)
	at org.junit.internal.runners.model.ReflectiveCallable.run(ReflectiveCallable.java:12)
	at org.junit.runners.model.FrameworkMethod.invokeExplosively(FrameworkMethod.java:47)
	at org.junit.internal.runners.statements.InvokeMethod.evaluate(InvokeMethod.java:17)
	at org.junit.internal.runners.statements.RunBefores.evaluate(RunBefores.java:26)
	at org.junit.runners.ParentRunner.runLeaf(ParentRunner.java:325)
	at org.junit.runners.BlockJUnit4ClassRunner.runChild(BlockJUnit4ClassRunner.java:78)
	at org.junit.runners.BlockJUnit4ClassRunner.runChild(BlockJUnit4ClassRunner.java:57)
	at org.junit.runners.ParentRunner$3.run(ParentRunner.java:290)
	at org.junit.runners.ParentRunner$1.schedule(ParentRunner.java:71)
	at org.junit.runners.ParentRunner.runChildren(ParentRunner.java:288)
	at org.junit.runners.ParentRunner.access$000(ParentRunner.java:58)
	at org.junit.runners.ParentRunner$2.evaluate(ParentRunner.java:268)
	at org.junit.runners.ParentRunner.run(ParentRunner.java:363)
	at org.gradle.api.internal.tasks.testing.junit.JUnitTestClassExecutor.runTestClass(JUnitTestClassExecutor.java:110)
	at org.gradle.api.internal.tasks.testing.junit.JUnitTestClassExecutor.execute(JUnitTestClassExecutor.java:58)
	at org.gradle.api.internal.tasks.testing.junit.JUnitTestClassExecutor.execute(JUnitTestClassExecutor.java:38)
	at org.gradle.api.internal.tasks.testing.junit.AbstractJUnitTestClassProcessor.processTestClass(AbstractJUnitTestClassProcessor.java:62)
	at org.gradle.api.internal.tasks.testing.SuiteTestClassProcessor.processTestClass(SuiteTestClassProcessor.java:51)
	at java.base/jdk.internal.reflect.NativeMethodAccessorImpl.invoke0(Native Method)
	at java.base/jdk.internal.reflect.NativeMethodAccessorImpl.invoke(NativeMethodAccessorImpl.java:62)
	at java.base/jdk.internal.reflect.DelegatingMethodAccessorImpl.invoke(DelegatingMethodAccessorImpl.java:43)
	at java.base/java.lang.reflect.Method.invoke(Method.java:567)
	at org.gradle.internal.dispatch.ReflectionDispatch.dispatch(ReflectionDispatch.java:36)
	at org.gradle.internal.dispatch.ReflectionDispatch.dispatch(ReflectionDispatch.java:24)
	at org.gradle.internal.dispatch.ContextClassLoaderDispatch.dispatch(ContextClassLoaderDispatch.java:33)
	at org.gradle.internal.dispatch.ProxyDispatchAdapter$DispatchingInvocationHandler.invoke(ProxyDispatchAdapter.java:94)
	at com.sun.proxy.$Proxy2.processTestClass(Unknown Source)
	at org.gradle.api.internal.tasks.testing.worker.TestWorker.processTestClass(TestWorker.java:118)
	at java.base/jdk.internal.reflect.NativeMethodAccessorImpl.invoke0(Native Method)
	at java.base/jdk.internal.reflect.NativeMethodAccessorImpl.invoke(NativeMethodAccessorImpl.java:62)
	at java.base/jdk.internal.reflect.DelegatingMethodAccessorImpl.invoke(DelegatingMethodAccessorImpl.java:43)
	at java.base/java.lang.reflect.Method.invoke(Method.java:567)
	at org.gradle.internal.dispatch.ReflectionDispatch.dispatch(ReflectionDispatch.java:36)
	at org.gradle.internal.dispatch.ReflectionDispatch.dispatch(ReflectionDispatch.java:24)
	at org.gradle.internal.remote.internal.hub.MessageHubBackedObjectConnection$DispatchWrapper.dispatch(MessageHubBackedObjectConnection.java:182)
	at org.gradle.internal.remote.internal.hub.MessageHubBackedObjectConnection$DispatchWrapper.dispatch(MessageHubBackedObjectConnection.java:164)
	at org.gradle.internal.remote.internal.hub.MessageHub$Handler.run(MessageHub.java:412)
	at org.gradle.internal.concurrent.ExecutorPolicy$CatchAndRecordFailures.onExecute(ExecutorPolicy.java:64)
	at org.gradle.internal.concurrent.ManagedExecutorImpl$1.run(ManagedExecutorImpl.java:48)
	at java.base/java.util.concurrent.ThreadPoolExecutor.runWorker(ThreadPoolExecutor.java:1128)
	at java.base/java.util.concurrent.ThreadPoolExecutor$Worker.run(ThreadPoolExecutor.java:628)
	at org.gradle.internal.concurrent.ThreadFactoryImpl$ManagedThreadRunnable.run(ThreadFactoryImpl.java:56)
	at java.base/java.lang.Thread.run(Thread.java:835)
</failure>
  </testcase>
  <system-out><![CDATA[---------------Printing Matrix-------------
| (2,5) | (2,5) | (2,5) | (2,5) | (2,5) | (2,5) | (2,5) | (2,5) | (2,5) | (2,5) | (2,5) 
| (2,5) | (2,5) | (4,10) | (4,10) | (4,10) | (4,10) | (4,10) | (4,10) | (4,10) | (4,10) | (4,10) 
| (2,5) | (2,5) | (4,10) | (4,10) | (6,15) | (6,15) | (6,15) | (6,15) | (6,15) | (6,15) | (6,15) 
| (2,5) | (2,5) | (4,10) | (4,10) | (6,15) | (6,15) | (8,20) | (8,20) | (8,20) | (8,20) | (8,20) 
| (2,5) | (2,5) | (4,10) | (4,10) | (6,15) | (6,15) | (8,20) | (8,20) | (8,20) | (8,20) | (12,26) 
---------------Printing Matrix-------------
| (0,0) | (0,0) | (0,0) | (0,0) | (0,0) | (0,0) | (0,0) | (0,0) | (0,0) | (0,0) | (0,0) 
---------------Printing Matrix-------------
| (25,350) | (25,350) | (25,350) | (25,350) | (25,350) | (25,350) | (25,350) | (25,350) | (25,350) | (25,350) | (25,350) | (25,350) | (25,350) | (25,350) | (25,350) | (25,350) | (25,350) | (25,350) | (25,350) | (25,350) | (25,350) | (25,350) | (25,350) | (25,350) | (25,350) | (25,350) | (25,350) | (25,350) | (25,350) | (25,350) | (25,350) | (25,350) | (25,350) | (25,350) | (25,350) | (25,350) | (25,350) | (25,350) | (25,350) | (25,350) | (25,350) | (25,350) | (25,350) | (25,350) | (25,350) | (25,350) | (25,350) | (25,350) | (25,350) | (25,350) | (25,350) | (25,350) | (25,350) | (25,350) | (25,350) | (25,350) | (25,350) | (25,350) | (25,350) | (25,350) | (25,350) | (25,350) | (25,350) | (25,350) | (25,350) | (25,350) | (25,350) | (25,350) | (25,350) | (25,350) | (25,350) | (25,350) | (25,350) | (25,350) | (25,350) | (25,350) | (25,350) | (25,350) | (25,350) | (25,350) | (25,350) | (25,350) | (25,350) | (25,350) | (25,350) | (25,350) | (25,350) | (25,350) | (25,350) | (25,350) | (25,350) | (25,350) | (25,350) | (25,350) | (25,350) | (25,350) | (25,350) | (25,350) | (25,350) | (25,350) | (25,350) | (25,350) | (25,350) | (25,350) | (25,350) 
| (25,350) | (25,350) | (25,350) | (25,350) | (25,350) | (25,350) | (25,350) | (25,350) | (25,350) | (25,350) | (25,350) | (25,350) | (25,350) | (25,350) | (25,350) | (25,350) | (25,350) | (25,350) | (25,350) | (25,350) | (25,350) | (25,350) | (25,350) | (25,350) | (25,350) | (25,350) | (25,350) | (25,350) | (25,350) | (25,350) | (25,350) | (25,350) | (25,350) | (25,350) | (25,350) | (60,750) | (60,750) | (60,750) | (60,750) | (60,750) | (60,750) | (60,750) | (60,750) | (60,750) | (60,750) | (60,750) | (60,750) | (60,750) | (60,750) | (60,750) | (60,750) | (60,750) | (60,750) | (60,750) | (60,750) | (60,750) | (60,750) | (60,750) | (60,750) | (60,750) | (60,750) | (60,750) | (60,750) | (60,750) | (60,750) | (60,750) | (60,750) | (60,750) | (60,750) | (60,750) | (60,750) | (60,750) | (60,750) | (60,750) | (60,750) | (60,750) | (60,750) | (60,750) | (60,750) | (60,750) | (60,750) | (60,750) | (60,750) | (60,750) | (60,750) | (60,750) | (60,750) | (60,750) | (60,750) | (60,750) | (60,750) | (60,750) | (60,750) | (60,750) | (60,750) | (60,750) | (60,750) | (60,750) | (60,750) | (60,750) | (60,750) | (60,750) | (60,750) | (60,750) | (60,750) 
| (25,350) | (25,350) | (25,350) | (25,350) | (25,350) | (25,350) | (25,350) | (25,350) | (25,350) | (25,350) | (25,350) | (25,350) | (25,350) | (25,350) | (25,350) | (25,350) | (25,350) | (25,350) | (25,350) | (25,350) | (25,350) | (25,350) | (25,350) | (25,350) | (25,350) | (25,350) | (25,350) | (25,350) | (25,350) | (25,350) | (25,350) | (25,350) | (25,350) | (25,350) | (25,350) | (60,750) | (60,750) | (60,750) | (60,750) | (60,750) | (60,750) | (60,750) | (60,750) | (60,750) | (60,750) | (70,800) | (70,800) | (70,800) | (70,800) | (70,800) | (70,800) | (70,800) | (70,800) | (70,800) | (70,800) | (70,800) | (70,800) | (70,800) | (70,800) | (70,800) | (70,800) | (70,800) | (70,800) | (70,800) | (70,800) | (70,800) | (70,800) | (70,800) | (70,800) | (70,800) | (70,800) | (70,800) | (70,800) | (70,800) | (70,800) | (70,800) | (70,800) | (70,800) | (70,800) | (70,800) | (105,1200) | (105,1200) | (105,1200) | (105,1200) | (105,1200) | (105,1200) | (105,1200) | (105,1200) | (105,1200) | (105,1200) | (105,1200) | (105,1200) | (105,1200) | (105,1200) | (105,1200) | (105,1200) | (105,1200) | (105,1200) | (105,1200) | (105,1200) | (105,1200) | (105,1200) | (105,1200) | (105,1200) | (105,1200) 
| (25,350) | (25,350) | (25,350) | (25,350) | (25,350) | (30,370) | (30,370) | (30,370) | (30,370) | (30,370) | (30,370) | (30,370) | (30,370) | (30,370) | (30,370) | (30,370) | (30,370) | (30,370) | (30,370) | (30,370) | (30,370) | (30,370) | (30,370) | (30,370) | (30,370) | (30,370) | (30,370) | (30,370) | (30,370) | (30,370) | (30,370) | (30,370) | (30,370) | (30,370) | (30,370) | (60,750) | (60,750) | (60,750) | (60,750) | (60,750) | (65,770) | (65,770) | (65,770) | (65,770) | (65,770) | (70,800) | (70,800) | (70,800) | (70,800) | (70,800) | (75,820) | (75,820) | (75,820) | (75,820) | (75,820) | (75,820) | (75,820) | (75,820) | (75,820) | (75,820) | (75,820) | (75,820) | (75,820) | (75,820) | (75,820) | (75,820) | (75,820) | (75,820) | (75,820) | (75,820) | (75,820) | (75,820) | (75,820) | (75,820) | (75,820) | (75,820) | (75,820) | (75,820) | (75,820) | (75,820) | (105,1200) | (105,1200) | (105,1200) | (105,1200) | (105,1200) | (110,1220) | (110,1220) | (110,1220) | (110,1220) | (110,1220) | (110,1220) | (110,1220) | (110,1220) | (110,1220) | (110,1220) | (110,1220) | (110,1220) | (110,1220) | (110,1220) | (110,1220) | (110,1220) | (110,1220) | (110,1220) | (110,1220) | (110,1220) 
| (25,350) | (25,350) | (25,350) | (25,350) | (25,350) | (30,370) | (30,370) | (30,370) | (30,370) | (30,370) | (30,370) | (30,370) | (30,370) | (30,370) | (30,370) | (30,370) | (30,370) | (30,370) | (30,370) | (30,370) | (30,370) | (30,370) | (30,370) | (30,370) | (30,370) | (50,420) | (50,420) | (50,420) | (50,420) | (50,420) | (55,440) | (55,440) | (55,440) | (55,440) | (55,440) | (60,750) | (60,750) | (60,750) | (60,750) | (60,750) | (65,770) | (65,770) | (65,770) | (65,770) | (65,770) | (70,800) | (70,800) | (70,800) | (70,800) | (70,800) | (75,820) | (75,820) | (75,820) | (75,820) | (75,820) | (75,820) | (75,820) | (75,820) | (75,820) | (75,820) | (75,820) | (75,820) | (75,820) | (75,820) | (75,820) | (90,840) | (90,840) | (90,840) | (90,840) | (90,840) | (95,870) | (95,870) | (95,870) | (95,870) | (95,870) | (100,890) | (100,890) | (100,890) | (100,890) | (100,890) | (105,1200) | (105,1200) | (105,1200) | (105,1200) | (105,1200) | (110,1220) | (110,1220) | (110,1220) | (110,1220) | (110,1220) | (110,1220) | (110,1220) | (110,1220) | (110,1220) | (110,1220) | (110,1220) | (110,1220) | (110,1220) | (110,1220) | (110,1220) | (110,1220) | (110,1220) | (110,1220) | (110,1220) | (110,1220) 
| (25,350) | (25,350) | (25,350) | (28,358) | (28,358) | (30,370) | (30,370) | (30,370) | (33,378) | (33,378) | (33,378) | (33,378) | (33,378) | (33,378) | (33,378) | (33,378) | (33,378) | (33,378) | (33,378) | (33,378) | (33,378) | (33,378) | (33,378) | (33,378) | (33,378) | (50,420) | (50,420) | (50,420) | (53,428) | (53,428) | (55,440) | (55,440) | (55,440) | (58,448) | (58,448) | (60,750) | (60,750) | (60,750) | (63,758) | (63,758) | (65,770) | (65,770) | (65,770) | (68,778) | (68,778) | (70,800) | (70,800) | (70,800) | (73,808) | (73,808) | (75,820) | (75,820) | (75,820) | (78,828) | (78,828) | (78,828) | (78,828) | (78,828) | (78,828) | (78,828) | (78,828) | (78,828) | (78,828) | (78,828) | (78,828) | (90,840) | (90,840) | (90,840) | (93,848) | (93,848) | (95,870) | (95,870) | (95,870) | (98,878) | (98,878) | (100,890) | (100,890) | (100,890) | (103,898) | (103,898) | (105,1200) | (105,1200) | (105,1200) | (108,1208) | (108,1208) | (110,1220) | (110,1220) | (110,1220) | (113,1228) | (113,1228) | (113,1228) | (113,1228) | (113,1228) | (113,1228) | (113,1228) | (113,1228) | (113,1228) | (113,1228) | (113,1228) | (113,1228) | (113,1228) | (113,1228) | (113,1228) | (113,1228) | (113,1228) 
| (25,350) | (25,350) | (27,355) | (28,358) | (28,358) | (30,370) | (30,370) | (32,375) | (33,378) | (33,378) | (35,383) | (35,383) | (35,383) | (35,383) | (35,383) | (35,383) | (35,383) | (35,383) | (35,383) | (35,383) | (35,383) | (35,383) | (35,383) | (35,383) | (35,383) | (50,420) | (50,420) | (52,425) | (53,428) | (53,428) | (55,440) | (55,440) | (57,445) | (58,448) | (58,448) | (60,750) | (60,750) | (62,755) | (63,758) | (63,758) | (65,770) | (65,770) | (67,775) | (68,778) | (68,778) | (70,800) | (70,800) | (72,805) | (73,808) | (73,808) | (75,820) | (75,820) | (77,825) | (78,828) | (78,828) | (80,833) | (80,833) | (80,833) | (80,833) | (80,833) | (80,833) | (80,833) | (80,833) | (80,833) | (80,833) | (90,840) | (90,840) | (92,845) | (93,848) | (93,848) | (95,870) | (95,870) | (97,875) | (98,878) | (98,878) | (100,890) | (100,890) | (102,895) | (103,898) | (103,898) | (105,1200) | (105,1200) | (107,1205) | (108,1208) | (108,1208) | (110,1220) | (110,1220) | (112,1225) | (113,1228) | (113,1228) | (115,1233) | (115,1233) | (115,1233) | (115,1233) | (115,1233) | (115,1233) | (115,1233) | (115,1233) | (115,1233) | (115,1233) | (115,1233) | (115,1233) | (115,1233) | (115,1233) | (115,1233) 
| (25,350) | (25,350) | (27,355) | (28,358) | (29,360) | (30,370) | (30,370) | (32,375) | (33,378) | (34,380) | (35,383) | (35,383) | (37,388) | (37,388) | (37,388) | (37,388) | (37,388) | (37,388) | (37,388) | (37,388) | (37,388) | (37,388) | (37,388) | (37,388) | (37,388) | (50,420) | (50,420) | (52,425) | (53,428) | (54,430) | (55,440) | (55,440) | (57,445) | (58,448) | (59,450) | (60,750) | (60,750) | (62,755) | (63,758) | (64,760) | (65,770) | (65,770) | (67,775) | (68,778) | (69,780) | (70,800) | (70,800) | (72,805) | (73,808) | (74,810) | (75,820) | (75,820) | (77,825) | (78,828) | (79,830) | (80,833) | (80,833) | (82,838) | (82,838) | (82,838) | (82,838) | (82,838) | (82,838) | (82,838) | (82,838) | (90,840) | (90,840) | (92,845) | (93,848) | (94,850) | (95,870) | (95,870) | (97,875) | (98,878) | (99,880) | (100,890) | (100,890) | (102,895) | (103,898) | (104,900) | (105,1200) | (105,1200) | (107,1205) | (108,1208) | (109,1210) | (110,1220) | (110,1220) | (112,1225) | (113,1228) | (114,1230) | (115,1233) | (115,1233) | (117,1238) | (117,1238) | (117,1238) | (117,1238) | (117,1238) | (117,1238) | (117,1238) | (117,1238) | (117,1238) | (117,1238) | (117,1238) | (117,1238) | (117,1238) 
---------------Printing Matrix-------------
| (2,20) | (2,20) | (2,20) | (2,20) | (2,20) | (2,20) | (2,20) | (2,20) | (2,20) | (2,20) | (2,20) 
| (2,20) | (2,20) | (4,40) | (4,40) | (4,40) | (4,40) | (4,40) | (4,40) | (4,40) | (4,40) | (4,40) 
| (2,20) | (2,20) | (4,40) | (4,40) | (6,60) | (6,60) | (6,60) | (6,60) | (6,60) | (6,60) | (6,60) 
| (2,20) | (2,20) | (4,40) | (4,40) | (6,60) | (6,60) | (8,80) | (8,80) | (8,80) | (8,80) | (8,80) 
| (2,20) | (2,20) | (4,40) | (4,40) | (6,60) | (6,60) | (8,80) | (8,80) | (8,80) | (8,80) | (8,80) 
---------------Printing Matrix-------------
| (5,10) | (5,10) | (5,10) | (5,10) | (5,10) | (5,10) | (5,10) | (5,10) | (5,10) | (5,10) | (5,10) 
| (5,10) | (5,10) | (5,10) | (5,10) | (9,50) | (9,50) | (9,50) | (9,50) | (9,50) | (9,50) | (9,50) 
| (5,10) | (5,10) | (5,10) | (5,10) | (9,50) | (9,50) | (9,50) | (9,50) | (9,50) | (9,50) | (15,80) 
| (5,10) | (5,10) | (5,10) | (5,10) | (9,60) | (9,60) | (9,60) | (9,60) | (13,100) | (13,100) | (13,100) 
---------------Printing Matrix-------------
| (70,135) | (70,135) | (70,135) | (70,135) | (70,135) | (70,135) | (70,135) | (70,135) | (70,135) | (70,135) | (70,135) | (70,135) | (70,135) | (70,135) | (70,135) | (70,135) | (70,135) | (70,135) | (70,135) | (70,135) | (70,135) | (70,135) | (70,135) | (70,135) | (70,135) | (70,135) | (70,135) | (70,135) | (70,135) | (70,135) | (70,135) | (70,135) | (70,135) | (70,135) | (70,135) | (70,135) | (70,135) | (70,135) | (70,135) | (70,135) | (70,135) | (70,135) | (70,135) | (70,135) | (70,135) | (70,135) | (70,135) | (70,135) | (70,135) | (70,135) | (70,135) | (70,135) | (70,135) | (70,135) | (70,135) | (70,135) | (70,135) | (70,135) | (70,135) | (70,135) | (70,135) | (70,135) | (70,135) | (70,135) | (70,135) | (70,135) | (70,135) | (70,135) | (70,135) | (70,135) | (70,135) | (70,135) | (70,135) | (70,135) | (70,135) | (70,135) | (70,135) | (70,135) | (70,135) | (70,135) | (70,135) | (70,135) | (70,135) | (70,135) | (70,135) | (70,135) | (70,135) | (70,135) | (70,135) | (70,135) | (70,135) | (70,135) | (70,135) | (70,135) | (70,135) | (70,135) | (70,135) | (70,135) | (70,135) | (70,135) | (70,135) | (70,135) | (70,135) | (70,135) | (70,135) | (70,135) | (70,135) | (70,135) | (70,135) | (70,135) | (70,135) | (70,135) | (70,135) | (70,135) | (70,135) | (70,135) | (70,135) | (70,135) | (70,135) | (70,135) | (70,135) | (70,135) | (70,135) | (70,135) | (70,135) | (70,135) | (70,135) | (70,135) | (70,135) | (70,135) | (70,135) | (70,135) | (70,135) | (70,135) | (70,135) | (70,135) | (70,135) | (70,135) | (70,135) | (70,135) | (70,135) | (70,135) | (70,135) | (70,135) | (70,135) | (70,135) | (70,135) | (70,135) | (70,135) | (70,135) | (70,135) | (70,135) | (70,135) | (70,135) | (70,135) | (70,135) | (70,135) | (70,135) | (70,135) | (70,135) | (70,135) | (70,135) | (70,135) | (70,135) | (70,135) | (70,135) | (70,135) | (70,135) | (70,135) | (70,135) | (70,135) | (70,135) | (70,135) | (70,135) | (70,135) | (70,135) | (70,135) | (70,135) | (70,135) | (70,135) | (70,135) | (70,135) | (70,135) | (70,135) | (70,135) | (70,135) | (70,135) | (70,135) | (70,135) | (70,135) | (70,135) | (70,135) | (70,135) | (70,135) | (70,135) | (70,135) | (70,135) | (70,135) | (70,135) | (70,135) | (70,135) | (70,135) | (70,135) | (70,135) | (70,135) | (70,135) | (70,135) | (70,135) | (70,135) | (70,135) | (70,135) | (70,135) | (70,135) | (70,135) | (70,135) | (70,135) | (70,135) | (70,135) | (70,135) | (70,135) | (70,135) | (70,135) | (70,135) | (70,135) | (70,135) | (70,135) | (70,135) | (70,135) | (70,135) | (70,135) | (70,135) | (70,135) | (70,135) | (70,135) | (70,135) | (70,135) | (70,135) | (70,135) | (70,135) | (70,135) | (70,135) | (70,135) | (70,135) | (70,135) | (70,135) | (70,135) | (70,135) | (70,135) | (70,135) | (70,135) | (70,135) | (70,135) | (70,135) | (70,135) | (70,135) | (70,135) | (70,135) | (70,135) | (70,135) | (70,135) | (70,135) | (70,135) | (70,135) | (70,135) | (70,135) | (70,135) | (70,135) | (70,135) | (70,135) | (70,135) | (70,135) | (70,135) | (70,135) | (70,135) | (70,135) | (70,135) | (70,135) | (70,135) | (70,135) | (70,135) | (70,135) | (70,135) | (70,135) | (70,135) | (70,135) | (70,135) | (70,135) | (70,135) | (70,135) | (70,135) | (70,135) | (70,135) | (70,135) | (70,135) | (70,135) | (70,135) | (70,135) | (70,135) | (70,135) | (70,135) | (70,135) | (70,135) | (70,135) | (70,135) | (70,135) | (70,135) | (70,135) | (70,135) | (70,135) | (70,135) | (70,135) | (70,135) | (70,135) | (70,135) | (70,135) | (70,135) | (70,135) | (70,135) | (70,135) | (70,135) | (70,135) | (70,135) | (70,135) | (70,135) | (70,135) | (70,135) | (70,135) | (70,135) | (70,135) | (70,135) | (70,135) | (70,135) | (70,135) | (70,135) | (70,135) | (70,135) | (70,135) | (70,135) | (70,135) | (70,135) | (70,135) | (70,135) | (70,135) | (70,135) | (70,135) | (70,135) | (70,135) | (70,135) | (70,135) | (70,135) | (70,135) | (70,135) | (70,135) | (70,135) | (70,135) | (70,135) | (70,135) | (70,135) | (70,135) | (70,135) | (70,135) | (70,135) | (70,135) | (70,135) | (70,135) | (70,135) | (70,135) | (70,135) | (70,135) | (70,135) | (70,135) | (70,135) | (70,135) | (70,135) | (70,135) | (70,135) | (70,135) | (70,135) | (70,135) | (70,135) | (70,135) | (70,135) | (70,135) | (70,135) | (70,135) | (70,135) | (70,135) | (70,135) | (70,135) | (70,135) | (70,135) | (70,135) | (70,135) | (70,135) | (70,135) | (70,135) | (70,135) | (70,135) | (70,135) | (70,135) | (70,135) | (70,135) | (70,135) | (70,135) | (70,135) | (70,135) | (70,135) | (70,135) | (70,135) | (70,135) | (70,135) | (70,135) | (70,135) | (70,135) | (70,135) | (70,135) | (70,135) | (70,135) | (70,135) | (70,135) | (70,135) | (70,135) | (70,135) | (70,135) | (70,135) | (70,135) | (70,135) | (70,135) | (70,135) | (70,135) | (70,135) | (70,135) | (70,135) | (70,135) | (70,135) | (70,135) | (70,135) | (70,135) | (70,135) | (70,135) | (70,135) | (70,135) | (70,135) | (70,135) | (70,135) | (70,135) | (70,135) | (70,135) | (70,135) | (70,135) | (70,135) | (70,135) | (70,135) | (70,135) | (70,135) | (70,135) | (70,135) | (70,135) | (70,135) | (70,135) | (70,135) | (70,135) | (70,135) | (70,135) | (70,135) | (70,135) | (70,135) | (70,135) | (70,135) | (70,135) | (70,135) | (70,135) | (70,135) | (70,135) | (70,135) | (70,135) | (70,135) | (70,135) | (70,135) | (70,135) | (70,135) | (70,135) | (70,135) | (70,135) | (70,135) | (70,135) | (70,135) | (70,135) | (70,135) | (70,135) | (70,135) | (70,135) | (70,135) | (70,135) | (70,135) | (70,135) | (70,135) | (70,135) | (70,135) | (70,135) | (70,135) | (70,135) | (70,135) | (70,135) | (70,135) | (70,135) | (70,135) | (70,135) | (70,135) | (70,135) | (70,135) | (70,135) | (70,135) | (70,135) | (70,135) | (70,135) | (70,135) | (70,135) | (70,135) | (70,135) | (70,135) | (70,135) | (70,135) | (70,135) | (70,135) | (70,135) | (70,135) | (70,135) | (70,135) | (70,135) | (70,135) | (70,135) | (70,135) | (70,135) | (70,135) | (70,135) | (70,135) | (70,135) | (70,135) | (70,135) | (70,135) | (70,135) | (70,135) | (70,135) | (70,135) | (70,135) | (70,135) | (70,135) | (70,135) | (70,135) | (70,135) | (70,135) | (70,135) | (70,135) | (70,135) | (70,135) | (70,135) | (70,135) | (70,135) | (70,135) | (70,135) | (70,135) | (70,135) | (70,135) | (70,135) | (70,135) | (70,135) | (70,135) | (70,135) | (70,135) | (70,135) | (70,135) | (70,135) | (70,135) | (70,135) | (70,135) | (70,135) | (70,135) | (70,135) | (70,135) | (70,135) | (70,135) | (70,135) | (70,135) | (70,135) | (70,135) | (70,135) | (70,135) | (70,135) | (70,135) | (70,135) | (70,135) | (70,135) | (70,135) | (70,135) | (70,135) | (70,135) | (70,135) | (70,135) | (70,135) | (70,135) | (70,135) | (70,135) | (70,135) | (70,135) | (70,135) | (70,135) | (70,135) | (70,135) | (70,135) | (70,135) | (70,135) | (70,135) | (70,135) | (70,135) | (70,135) | (70,135) | (70,135) | (70,135) | (70,135) | (70,135) | (70,135) | (70,135) | (70,135) | (70,135) | (70,135) | (70,135) | (70,135) | (70,135) | (70,135) | (70,135) | (70,135) | (70,135) | (70,135) | (70,135) | (70,135) | (70,135) | (70,135) | (70,135) | (70,135) | (70,135) | (70,135) | (70,135) | (70,135) | (70,135) | (70,135) | (70,135) | (70,135) | (70,135) | (70,135) | (70,135) | (70,135) | (70,135) | (70,135) | (70,135) | (70,135) | (70,135) | (70,135) | (70,135) | (70,135) | (70,135) | (70,135) | (70,135) | (70,135) | (70,135) | (70,135) | (70,135) | (70,135) | (70,135) | (70,135) | (70,135) | (70,135) | (70,135) | (70,135) | (70,135) | (70,135) | (70,135) | (70,135) | (70,135) | (70,135) | (70,135) | (70,135) | (70,135) | (70,135) | (70,135) | (70,135) | (70,135) | (70,135) | (70,135) | (70,135) | (70,135) | (70,135) | (70,135) | (70,135) | (70,135) | (70,135) | (70,135) | (70,135) | (70,135) | (70,135) | (70,135) | (70,135) | (70,135) | (70,135) | (70,135) | (70,135) | (70,135) | (70,135) | (70,135) | (70,135) | (70,135) | (70,135) | (70,135) | (70,135) | (70,135) | (70,135) | (70,135) | (70,135) | (70,135) | (70,135) | (70,135) | (70,135) | (70,135) | (70,135) | (70,135) | (70,135) | (70,135) | (70,135) | (70,135) | (70,135) | (70,135) | (70,135) | (70,135) | (70,135) | (70,135) | (70,135) | (70,135) | (70,135) | (70,135) | (70,135) | (70,135) | (70,135) | (70,135) | (70,135) | (70,135) | (70,135) | (70,135) | (70,135) | (70,135) | (70,135) | (70,135) 
| (70,135) | (70,135) | (70,135) | (70,135) | (70,135) | (70,135) | (70,135) | (70,135) | (70,135) | (70,135) | (70,135) | (70,135) | (70,135) | (70,135) | (70,135) | (70,135) | (70,135) | (70,135) | (70,135) | (70,135) | (70,135) | (70,135) | (70,135) | (70,135) | (70,135) | (70,135) | (70,135) | (70,135) | (70,135) | (70,135) | (70,135) | (70,135) | (70,135) | (70,135) | (70,135) | (70,135) | (70,135) | (70,135) | (70,135) | (70,135) | (70,135) | (70,135) | (70,135) | (70,135) | (70,135) | (70,135) | (70,135) | (70,135) | (70,135) | (70,135) | (70,135) | (70,135) | (70,135) | (70,135) | (70,135) | (70,135) | (70,135) | (70,135) | (70,135) | (70,135) | (70,135) | (70,135) | (70,135) | (70,135) | (70,135) | (70,135) | (70,135) | (70,135) | (70,135) | (70,135) | (70,135) | (70,135) | (70,135) | (143,274) | (143,274) | (143,274) | (143,274) | (143,274) | (143,274) | (143,274) | (143,274) | (143,274) | (143,274) | (143,274) | (143,274) | (143,274) | (143,274) | (143,274) | (143,274) | (143,274) | (143,274) | (143,274) | (143,274) | (143,274) | (143,274) | (143,274) | (143,274) | (143,274) | (143,274) | (143,274) | (143,274) | (143,274) | (143,274) | (143,274) | (143,274) | (143,274) | (143,274) | (143,274) | (143,274) | (143,274) | (143,274) | (143,274) | (143,274) | (143,274) | (143,274) | (143,274) | (143,274) | (143,274) | (143,274) | (143,274) | (143,274) | (143,274) | (143,274) | (143,274) | (143,274) | (143,274) | (143,274) | (143,274) | (143,274) | (143,274) | (143,274) | (143,274) | (143,274) | (143,274) | (143,274) | (143,274) | (143,274) | (143,274) | (143,274) | (143,274) | (143,274) | (143,274) | (143,274) | (143,274) | (143,274) | (143,274) | (143,274) | (143,274) | (143,274) | (143,274) | (143,274) | (143,274) | (143,274) | (143,274) | (143,274) | (143,274) | (143,274) | (143,274) | (143,274) | (143,274) | (143,274) | (143,274) | (143,274) | (143,274) | (143,274) | (143,274) | (143,274) | (143,274) | (143,274) | (143,274) | (143,274) | (143,274) | (143,274) | (143,274) | (143,274) | (143,274) | (143,274) | (143,274) | (143,274) | (143,274) | (143,274) | (143,274) | (143,274) | (143,274) | (143,274) | (143,274) | (143,274) | (143,274) | (143,274) | (143,274) | (143,274) | (143,274) | (143,274) | (143,274) | (143,274) | (143,274) | (143,274) | (143,274) | (143,274) | (143,274) | (143,274) | (143,274) | (143,274) | (143,274) | (143,274) | (143,274) | (143,274) | (143,274) | (143,274) | (143,274) | (143,274) | (143,274) | (143,274) | (143,274) | (143,274) | (143,274) | (143,274) | (143,274) | (143,274) | (143,274) | (143,274) | (143,274) | (143,274) | (143,274) | (143,274) | (143,274) | (143,274) | (143,274) | (143,274) | (143,274) | (143,274) | (143,274) | (143,274) | (143,274) | (143,274) | (143,274) | (143,274) | (143,274) | (143,274) | (143,274) | (143,274) | (143,274) | (143,274) | (143,274) | (143,274) | (143,274) | (143,274) | (143,274) | (143,274) | (143,274) | (143,274) | (143,274) | (143,274) | (143,274) | (143,274) | (143,274) | (143,274) | (143,274) | (143,274) | (143,274) | (143,274) | (143,274) | (143,274) | (143,274) | (143,274) | (143,274) | (143,274) | (143,274) | (143,274) | (143,274) | (143,274) | (143,274) | (143,274) | (143,274) | (143,274) | (143,274) | (143,274) | (143,274) | (143,274) | (143,274) | (143,274) | (143,274) | (143,274) | (143,274) | (143,274) | (143,274) | (143,274) | (143,274) | (143,274) | (143,274) | (143,274) | (143,274) | (143,274) | (143,274) | (143,274) | (143,274) | (143,274) | (143,274) | (143,274) | (143,274) | (143,274) | (143,274) | (143,274) | (143,274) | (143,274) | (143,274) | (143,274) | (143,274) | (143,274) | (143,274) | (143,274) | (143,274) | (143,274) | (143,274) | (143,274) | (143,274) | (143,274) | (143,274) | (143,274) | (143,274) | (143,274) | (143,274) | (143,274) | (143,274) | (143,274) | (143,274) | (143,274) | (143,274) | (143,274) | (143,274) | (143,274) | (143,274) | (143,274) | (143,274) | (143,274) | (143,274) | (143,274) | (143,274) | (143,274) | (143,274) | (143,274) | (143,274) | (143,274) | (143,274) | (143,274) | (143,274) | (143,274) | (143,274) | (143,274) | (143,274) | (143,274) | (143,274) | (143,274) | (143,274) | (143,274) | (143,274) | (143,274) | (143,274) | (143,274) | (143,274) | (143,274) | (143,274) | (143,274) | (143,274) | (143,274) | (143,274) | (143,274) | (143,274) | (143,274) | (143,274) | (143,274) | (143,274) | (143,274) | (143,274) | (143,274) | (143,274) | (143,274) | (143,274) | (143,274) | (143,274) | (143,274) | (143,274) | (143,274) | (143,274) | (143,274) | (143,274) | (143,274) | (143,274) | (143,274) | (143,274) | (143,274) | (143,274) | (143,274) | (143,274) | (143,274) | (143,274) | (143,274) | (143,274) | (143,274) | (143,274) | (143,274) | (143,274) | (143,274) | (143,274) | (143,274) | (143,274) | (143,274) | (143,274) | (143,274) | (143,274) | (143,274) | (143,274) | (143,274) | (143,274) | (143,274) | (143,274) | (143,274) | (143,274) | (143,274) | (143,274) | (143,274) | (143,274) | (143,274) | (143,274) | (143,274) | (143,274) | (143,274) | (143,274) | (143,274) | (143,274) | (143,274) | (143,274) | (143,274) | (143,274) | (143,274) | (143,274) | (143,274) | (143,274) | (143,274) | (143,274) | (143,274) | (143,274) | (143,274) | (143,274) | (143,274) | (143,274) | (143,274) | (143,274) | (143,274) | (143,274) | (143,274) | (143,274) | (143,274) | (143,274) | (143,274) | (143,274) | (143,274) | (143,274) | (143,274) | (143,274) | (143,274) | (143,274) | (143,274) | (143,274) | (143,274) | (143,274) | (143,274) | (143,274) | (143,274) | (143,274) | (143,274) | (143,274) | (143,274) | (143,274) | (143,274) | (143,274) | (143,274) | (143,274) | (143,274) | (143,274) | (143,274) | (143,274) | (143,274) | (143,274) | (143,274) | (143,274) | (143,274) | (143,274) | (143,274) | (143,274) | (143,274) | (143,274) | (143,274) | (143,274) | (143,274) | (143,274) | (143,274) | (143,274) | (143,274) | (143,274) | (143,274) | (143,274) | (143,274) | (143,274) | (143,274) | (143,274) | (143,274) | (143,274) | (143,274) | (143,274) | (143,274) | (143,274) | (143,274) | (143,274) | (143,274) | (143,274) | (143,274) | (143,274) | (143,274) | (143,274) | (143,274) | (143,274) | (143,274) | (143,274) | (143,274) | (143,274) | (143,274) | (143,274) | (143,274) | (143,274) | (143,274) | (143,274) | (143,274) | (143,274) | (143,274) | (143,274) | (143,274) | (143,274) | (143,274) | (143,274) | (143,274) | (143,274) | (143,274) | (143,274) | (143,274) | (143,274) | (143,274) | (143,274) | (143,274) | (143,274) | (143,274) | (143,274) | (143,274) | (143,274) | (143,274) | (143,274) | (143,274) | (143,274) | (143,274) | (143,274) | (143,274) | (143,274) | (143,274) | (143,274) | (143,274) | (143,274) | (143,274) | (143,274) | (143,274) | (143,274) | (143,274) | (143,274) | (143,274) | (143,274) | (143,274) | (143,274) | (143,274) | (143,274) | (143,274) | (143,274) | (143,274) | (143,274) | (143,274) | (143,274) | (143,274) | (143,274) | (143,274) | (143,274) | (143,274) | (143,274) | (143,274) | (143,274) | (143,274) | (143,274) | (143,274) | (143,274) | (143,274) | (143,274) | (143,274) | (143,274) | (143,274) | (143,274) | (143,274) | (143,274) | (143,274) | (143,274) | (143,274) | (143,274) | (143,274) | (143,274) | (143,274) | (143,274) | (143,274) | (143,274) | (143,274) | (143,274) | (143,274) | (143,274) | (143,274) | (143,274) | (143,274) | (143,274) | (143,274) | (143,274) | (143,274) | (143,274) | (143,274) | (143,274) | (143,274) | (143,274) | (143,274) | (143,274) | (143,274) | (143,274) | (143,274) | (143,274) | (143,274) | (143,274) | (143,274) | (143,274) | (143,274) | (143,274) | (143,274) | (143,274) | (143,274) | (143,274) | (143,274) | (143,274) | (143,274) | (143,274) | (143,274) | (143,274) | (143,274) | (143,274) | (143,274) | (143,274) | (143,274) | (143,274) | (143,274) | (143,274) | (143,274) | (143,274) | (143,274) | (143,274) | (143,274) | (143,274) | (143,274) | (143,274) | (143,274) | (143,274) | (143,274) | (143,274) | (143,274) | (143,274) | (143,274) | (143,274) | (143,274) | (143,274) | (143,274) | (143,274) | (143,274) | (143,274) | (143,274) | (143,274) | (143,274) | (143,274) | (143,274) | (143,274) | (143,274) | (143,274) | (143,274) | (143,274) | (143,274) | (143,274) | (143,274) | (143,274) | (143,274) | (143,274) | (143,274) | (143,274) | (143,274) | (143,274) | (143,274) | (143,274) | (143,274) | (143,274) | (143,274) | (143,274) | (143,274) | (143,274) | (143,274) | (143,274) | (143,274) | (143,274) | (143,274) | (143,274) | (143,274) | (143,274) | (143,274) | (143,274) | (143,274) | (143,274) | (143,274) | (143,274) | (143,274) | (143,274) | (143,274) | (143,274) | (143,274) | (143,274) | (143,274) | (143,274) | (143,274) | (143,274) | (143,274) | (143,274) | (143,274) | (143,274) | (143,274) | (143,274) | (143,274) | (143,274) | (143,274) | (143,274) | (143,274) | (143,274) | (143,274) | (143,274) | (143,274) | (143,274) | (143,274) 
| (70,135) | (70,135) | (70,135) | (70,135) | (70,135) | (70,135) | (70,135) | (70,135) | (70,135) | (70,135) | (70,135) | (70,135) | (70,135) | (70,135) | (70,135) | (70,135) | (70,135) | (70,135) | (70,135) | (70,135) | (70,135) | (70,135) | (70,135) | (70,135) | (70,135) | (70,135) | (70,135) | (70,135) | (70,135) | (70,135) | (70,135) | (70,135) | (70,135) | (70,135) | (70,135) | (70,135) | (70,135) | (70,135) | (70,135) | (70,135) | (70,135) | (70,135) | (70,135) | (70,135) | (70,135) | (70,135) | (70,135) | (70,135) | (70,135) | (70,135) | (70,135) | (70,135) | (70,135) | (70,135) | (70,135) | (70,135) | (70,135) | (70,135) | (70,135) | (70,135) | (70,135) | (70,135) | (70,135) | (70,135) | (70,135) | (70,135) | (70,135) | (70,135) | (70,135) | (70,135) | (70,135) | (70,135) | (70,135) | (143,274) | (143,274) | (143,274) | (143,274) | (147,284) | (147,284) | (147,284) | (147,284) | (147,284) | (147,284) | (147,284) | (147,284) | (147,284) | (147,284) | (147,284) | (147,284) | (147,284) | (147,284) | (147,284) | (147,284) | (147,284) | (147,284) | (147,284) | (147,284) | (147,284) | (147,284) | (147,284) | (147,284) | (147,284) | (147,284) | (147,284) | (147,284) | (147,284) | (147,284) | (147,284) | (147,284) | (147,284) | (147,284) | (147,284) | (147,284) | (147,284) | (147,284) | (147,284) | (147,284) | (147,284) | (147,284) | (147,284) | (147,284) | (147,284) | (147,284) | (147,284) | (147,284) | (147,284) | (147,284) | (147,284) | (147,284) | (147,284) | (147,284) | (147,284) | (147,284) | (147,284) | (147,284) | (147,284) | (147,284) | (147,284) | (147,284) | (147,284) | (147,284) | (147,284) | (147,284) | (147,284) | (147,284) | (147,284) | (147,284) | (147,284) | (147,284) | (147,284) | (220,423) | (220,423) | (220,423) | (220,423) | (220,423) | (220,423) | (220,423) | (220,423) | (220,423) | (220,423) | (220,423) | (220,423) | (220,423) | (220,423) | (220,423) | (220,423) | (220,423) | (220,423) | (220,423) | (220,423) | (220,423) | (220,423) | (220,423) | (220,423) | (220,423) | (220,423) | (220,423) | (220,423) | (220,423) | (220,423) | (220,423) | (220,423) | (220,423) | (220,423) | (220,423) | (220,423) | (220,423) | (220,423) | (220,423) | (220,423) | (220,423) | (220,423) | (220,423) | (220,423) | (220,423) | (220,423) | (220,423) | (220,423) | (220,423) | (220,423) | (220,423) | (220,423) | (220,423) | (220,423) | (220,423) | (220,423) | (220,423) | (220,423) | (220,423) | (220,423) | (220,423) | (220,423) | (220,423) | (220,423) | (220,423) | (220,423) | (220,423) | (220,423) | (220,423) | (220,423) | (220,423) | (220,423) | (220,423) | (220,423) | (220,423) | (220,423) | (220,423) | (220,423) | (220,423) | (220,423) | (220,423) | (220,423) | (220,423) | (220,423) | (220,423) | (220,423) | (220,423) | (220,423) | (220,423) | (220,423) | (220,423) | (220,423) | (220,423) | (220,423) | (220,423) | (220,423) | (220,423) | (220,423) | (220,423) | (220,423) | (220,423) | (220,423) | (220,423) | (220,423) | (220,423) | (220,423) | (220,423) | (220,423) | (220,423) | (220,423) | (220,423) | (220,423) | (220,423) | (220,423) | (220,423) | (220,423) | (220,423) | (220,423) | (220,423) | (220,423) | (220,423) | (220,423) | (220,423) | (220,423) | (220,423) | (220,423) | (220,423) | (220,423) | (220,423) | (220,423) | (220,423) | (220,423) | (220,423) | (220,423) | (220,423) | (220,423) | (220,423) | (220,423) | (220,423) | (220,423) | (220,423) | (220,423) | (220,423) | (220,423) | (220,423) | (220,423) | (220,423) | (220,423) | (220,423) | (220,423) | (220,423) | (220,423) | (220,423) | (220,423) | (220,423) | (220,423) | (220,423) | (220,423) | (220,423) | (220,423) | (220,423) | (220,423) | (220,423) | (220,423) | (220,423) | (220,423) | (220,423) | (220,423) | (220,423) | (220,423) | (220,423) | (220,423) | (220,423) | (220,423) | (220,423) | (220,423) | (220,423) | (220,423) | (220,423) | (220,423) | (220,423) | (220,423) | (220,423) | (220,423) | (220,423) | (220,423) | (220,423) | (220,423) | (220,423) | (220,423) | (220,423) | (220,423) | (220,423) | (220,423) | (220,423) | (220,423) | (220,423) | (220,423) | (220,423) | (220,423) | (220,423) | (220,423) | (220,423) | (220,423) | (220,423) | (220,423) | (220,423) | (220,423) | (220,423) | (220,423) | (220,423) | (220,423) | (220,423) | (220,423) | (220,423) | (220,423) | (220,423) | (220,423) | (220,423) | (220,423) | (220,423) | (220,423) | (220,423) | (220,423) | (220,423) | (220,423) | (220,423) | (220,423) | (220,423) | (220,423) | (220,423) | (220,423) | (220,423) | (220,423) | (220,423) | (220,423) | (220,423) | (220,423) | (220,423) | (220,423) | (220,423) | (220,423) | (220,423) | (220,423) | (220,423) | (220,423) | (220,423) | (220,423) | (220,423) | (220,423) | (220,423) | (220,423) | (220,423) | (220,423) | (220,423) | (220,423) | (220,423) | (220,423) | (220,423) | (220,423) | (220,423) | (220,423) | (220,423) | (220,423) | (220,423) | (220,423) | (220,423) | (220,423) | (220,423) | (220,423) | (220,423) | (220,423) | (220,423) | (220,423) | (220,423) | (220,423) | (220,423) | (220,423) | (220,423) | (220,423) | (220,423) | (220,423) | (220,423) | (220,423) | (220,423) | (220,423) | (220,423) | (220,423) | (220,423) | (220,423) | (220,423) | (220,423) | (220,423) | (220,423) | (220,423) | (220,423) | (220,423) | (220,423) | (220,423) | (220,423) | (220,423) | (220,423) | (220,423) | (220,423) | (220,423) | (220,423) | (220,423) | (220,423) | (220,423) | (220,423) | (220,423) | (220,423) | (220,423) | (220,423) | (220,423) | (220,423) | (220,423) | (220,423) | (220,423) | (220,423) | (220,423) | (220,423) | (220,423) | (220,423) | (220,423) | (220,423) | (220,423) | (220,423) | (220,423) | (220,423) | (220,423) | (220,423) | (220,423) | (220,423) | (220,423) | (220,423) | (220,423) | (220,423) | (220,423) | (220,423) | (220,423) | (220,423) | (220,423) | (220,423) | (220,423) | (220,423) | (220,423) | (220,423) | (220,423) | (220,423) | (220,423) | (220,423) | (220,423) | (220,423) | (220,423) | (220,423) | (220,423) | (220,423) | (220,423) | (220,423) | (220,423) | (220,423) | (220,423) | (220,423) | (220,423) | (220,423) | (220,423) | (220,423) | (220,423) | (220,423) | (220,423) | (220,423) | (220,423) | (220,423) | (220,423) | (220,423) | (220,423) | (220,423) | (220,423) | (220,423) | (220,423) | (220,423) | (220,423) | (220,423) | (220,423) | (220,423) | (220,423) | (220,423) | (220,423) | (220,423) | (220,423) | (220,423) | (220,423) | (220,423) | (220,423) | (220,423) | (220,423) | (220,423) | (220,423) | (220,423) | (220,423) | (220,423) | (220,423) | (220,423) | (220,423) | (220,423) | (220,423) | (220,423) | (220,423) | (220,423) | (220,423) | (220,423) | (220,423) | (220,423) | (220,423) | (220,423) | (220,423) | (220,423) | (220,423) | (220,423) | (220,423) | (220,423) | (220,423) | (220,423) | (220,423) | (220,423) | (220,423) | (220,423) | (220,423) | (220,423) | (220,423) | (220,423) | (220,423) | (220,423) | (220,423) | (220,423) | (220,423) | (220,423) | (220,423) | (220,423) | (220,423) | (220,423) | (220,423) | (220,423) | (220,423) | (220,423) | (220,423) | (220,423) | (220,423) | (220,423) | (220,423) | (220,423) | (220,423) | (220,423) | (220,423) | (220,423) | (220,423) | (220,423) | (220,423) | (220,423) | (220,423) | (220,423) | (220,423) | (220,423) | (220,423) | (220,423) | (220,423) | (220,423) | (220,423) | (220,423) | (220,423) | (220,423) | (220,423) | (220,423) | (220,423) | (220,423) | (220,423) | (220,423) | (220,423) | (220,423) | (220,423) | (220,423) | (220,423) | (220,423) | (220,423) | (220,423) | (220,423) | (220,423) | (220,423) | (220,423) | (220,423) | (220,423) | (220,423) | (220,423) | (220,423) | (220,423) | (220,423) | (220,423) | (220,423) | (220,423) | (220,423) | (220,423) | (220,423) | (220,423) | (220,423) | (220,423) | (220,423) | (220,423) | (220,423) | (220,423) | (220,423) | (220,423) | (220,423) | (220,423) | (220,423) | (220,423) | (220,423) | (220,423) | (220,423) | (220,423) | (220,423) | (220,423) | (220,423) | (220,423) | (220,423) | (220,423) | (220,423) | (220,423) | (220,423) | (220,423) | (220,423) | (220,423) | (220,423) | (220,423) | (220,423) | (220,423) | (220,423) | (220,423) | (220,423) | (220,423) | (220,423) | (220,423) | (220,423) | (220,423) | (220,423) | (220,423) | (220,423) | (220,423) | (220,423) | (220,423) | (220,423) | (220,423) | (220,423) | (220,423) | (220,423) | (220,423) | (220,423) | (220,423) | (220,423) | (220,423) | (220,423) | (220,423) | (220,423) | (220,423) | (220,423) | (220,423) | (220,423) | (220,423) | (220,423) | (220,423) | (220,423) | (220,423) | (220,423) | (220,423) | (220,423) | (220,423) | (220,423) | (220,423) | (220,423) | (220,423) | (220,423) | (220,423) | (220,423) | (220,423) | (220,423) | (220,423) | (220,423) | (220,423) | (220,423) | (220,423) | (220,423) | (220,423) | (220,423) | (220,423) | (220,423) | (220,423) | (220,423) | (220,423) | (220,423) | (220,423) | (220,423) 
| (70,135) | (70,135) | (70,135) | (70,135) | (70,135) | (70,135) | (70,135) | (70,135) | (70,135) | (70,135) | (70,135) | (70,135) | (70,135) | (70,135) | (70,135) | (70,135) | (70,135) | (70,135) | (70,135) | (70,135) | (70,135) | (70,135) | (70,135) | (70,135) | (70,135) | (70,135) | (70,135) | (70,135) | (70,135) | (70,135) | (70,135) | (70,135) | (70,135) | (70,135) | (70,135) | (70,135) | (70,135) | (70,135) | (70,135) | (70,135) | (70,135) | (70,135) | (70,135) | (70,135) | (70,135) | (70,135) | (70,135) | (70,135) | (70,135) | (70,135) | (70,135) | (70,135) | (70,135) | (70,135) | (70,135) | (70,135) | (70,135) | (70,135) | (70,135) | (70,135) | (70,135) | (70,135) | (70,135) | (70,135) | (70,135) | (70,135) | (70,135) | (70,135) | (70,135) | (70,135) | (70,135) | (70,135) | (70,135) | (143,274) | (143,274) | (143,274) | (143,274) | (147,284) | (147,284) | (147,284) | (150,285) | (150,285) | (150,285) | (150,285) | (150,285) | (150,285) | (150,285) | (150,285) | (150,285) | (150,285) | (150,285) | (150,285) | (150,285) | (150,285) | (150,285) | (150,285) | (150,285) | (150,285) | (150,285) | (150,285) | (150,285) | (150,285) | (150,285) | (150,285) | (150,285) | (150,285) | (150,285) | (150,285) | (150,285) | (150,285) | (150,285) | (150,285) | (150,285) | (150,285) | (150,285) | (150,285) | (150,285) | (150,285) | (150,285) | (150,285) | (150,285) | (150,285) | (150,285) | (150,285) | (150,285) | (150,285) | (150,285) | (150,285) | (150,285) | (150,285) | (150,285) | (150,285) | (150,285) | (150,285) | (150,285) | (150,285) | (150,285) | (150,285) | (150,285) | (150,285) | (150,285) | (150,285) | (150,285) | (150,285) | (150,285) | (150,285) | (150,285) | (150,285) | (150,285) | (150,285) | (220,423) | (220,423) | (220,423) | (223,424) | (223,424) | (223,424) | (223,424) | (227,434) | (227,434) | (227,434) | (227,434) | (227,434) | (227,434) | (227,434) | (227,434) | (227,434) | (227,434) | (227,434) | (227,434) | (227,434) | (227,434) | (227,434) | (227,434) | (227,434) | (227,434) | (227,434) | (227,434) | (227,434) | (227,434) | (227,434) | (227,434) | (227,434) | (227,434) | (227,434) | (227,434) | (227,434) | (227,434) | (227,434) | (227,434) | (227,434) | (227,434) | (227,434) | (227,434) | (227,434) | (227,434) | (227,434) | (227,434) | (227,434) | (227,434) | (227,434) | (227,434) | (227,434) | (227,434) | (227,434) | (227,434) | (227,434) | (227,434) | (227,434) | (227,434) | (227,434) | (227,434) | (227,434) | (227,434) | (227,434) | (227,434) | (227,434) | (227,434) | (227,434) | (227,434) | (227,434) | (227,434) | (227,434) | (227,434) | (227,434) | (227,434) | (227,434) | (227,434) | (227,434) | (227,434) | (227,434) | (300,573) | (300,573) | (300,573) | (300,573) | (300,573) | (300,573) | (300,573) | (300,573) | (300,573) | (300,573) | (300,573) | (300,573) | (300,573) | (300,573) | (300,573) | (300,573) | (300,573) | (300,573) | (300,573) | (300,573) | (300,573) | (300,573) | (300,573) | (300,573) | (300,573) | (300,573) | (300,573) | (300,573) | (300,573) | (300,573) | (300,573) | (300,573) | (300,573) | (300,573) | (300,573) | (300,573) | (300,573) | (300,573) | (300,573) | (300,573) | (300,573) | (300,573) | (300,573) | (300,573) | (300,573) | (300,573) | (300,573) | (300,573) | (300,573) | (300,573) | (300,573) | (300,573) | (300,573) | (300,573) | (300,573) | (300,573) | (300,573) | (300,573) | (300,573) | (300,573) | (300,573) | (300,573) | (300,573) | (300,573) | (300,573) | (300,573) | (300,573) | (300,573) | (300,573) | (300,573) | (300,573) | (300,573) | (300,573) | (300,573) | (300,573) | (300,573) | (300,573) | (300,573) | (300,573) | (300,573) | (300,573) | (300,573) | (300,573) | (300,573) | (300,573) | (300,573) | (300,573) | (300,573) | (300,573) | (300,573) | (300,573) | (300,573) | (300,573) | (300,573) | (300,573) | (300,573) | (300,573) | (300,573) | (300,573) | (300,573) | (300,573) | (300,573) | (300,573) | (300,573) | (300,573) | (300,573) | (300,573) | (300,573) | (300,573) | (300,573) | (300,573) | (300,573) | (300,573) | (300,573) | (300,573) | (300,573) | (300,573) | (300,573) | (300,573) | (300,573) | (300,573) | (300,573) | (300,573) | (300,573) | (300,573) | (300,573) | (300,573) | (300,573) | (300,573) | (300,573) | (300,573) | (300,573) | (300,573) | (300,573) | (300,573) | (300,573) | (300,573) | (300,573) | (300,573) | (300,573) | (300,573) | (300,573) | (300,573) | (300,573) | (300,573) | (300,573) | (300,573) | (300,573) | (300,573) | (300,573) | (300,573) | (300,573) | (300,573) | (300,573) | (300,573) | (300,573) | (300,573) | (300,573) | (300,573) | (300,573) | (300,573) | (300,573) | (300,573) | (300,573) | (300,573) | (300,573) | (300,573) | (300,573) | (300,573) | (300,573) | (300,573) | (300,573) | (300,573) | (300,573) | (300,573) | (300,573) | (300,573) | (300,573) | (300,573) | (300,573) | (300,573) | (300,573) | (300,573) | (300,573) | (300,573) | (300,573) | (300,573) | (300,573) | (300,573) | (300,573) | (300,573) | (300,573) | (300,573) | (300,573) | (300,573) | (300,573) | (300,573) | (300,573) | (300,573) | (300,573) | (300,573) | (300,573) | (300,573) | (300,573) | (300,573) | (300,573) | (300,573) | (300,573) | (300,573) | (300,573) | (300,573) | (300,573) | (300,573) | (300,573) | (300,573) | (300,573) | (300,573) | (300,573) | (300,573) | (300,573) | (300,573) | (300,573) | (300,573) | (300,573) | (300,573) | (300,573) | (300,573) | (300,573) | (300,573) | (300,573) | (300,573) | (300,573) | (300,573) | (300,573) | (300,573) | (300,573) | (300,573) | (300,573) | (300,573) | (300,573) | (300,573) | (300,573) | (300,573) | (300,573) | (300,573) | (300,573) | (300,573) | (300,573) | (300,573) | (300,573) | (300,573) | (300,573) | (300,573) | (300,573) | (300,573) | (300,573) | (300,573) | (300,573) | (300,573) | (300,573) | (300,573) | (300,573) | (300,573) | (300,573) | (300,573) | (300,573) | (300,573) | (300,573) | (300,573) | (300,573) | (300,573) | (300,573) | (300,573) | (300,573) | (300,573) | (300,573) | (300,573) | (300,573) | (300,573) | (300,573) | (300,573) | (300,573) | (300,573) | (300,573) | (300,573) | (300,573) | (300,573) | (300,573) | (300,573) | (300,573) | (300,573) | (300,573) | (300,573) | (300,573) | (300,573) | (300,573) | (300,573) | (300,573) | (300,573) | (300,573) | (300,573) | (300,573) | (300,573) | (300,573) | (300,573) | (300,573) | (300,573) | (300,573) | (300,573) | (300,573) | (300,573) | (300,573) | (300,573) | (300,573) | (300,573) | (300,573) | (300,573) | (300,573) | (300,573) | (300,573) | (300,573) | (300,573) | (300,573) | (300,573) | (300,573) | (300,573) | (300,573) | (300,573) | (300,573) | (300,573) | (300,573) | (300,573) | (300,573) | (300,573) | (300,573) | (300,573) | (300,573) | (300,573) | (300,573) | (300,573) | (300,573) | (300,573) | (300,573) | (300,573) | (300,573) | (300,573) | (300,573) | (300,573) | (300,573) | (300,573) | (300,573) | (300,573) | (300,573) | (300,573) | (300,573) | (300,573) | (300,573) | (300,573) | (300,573) | (300,573) | (300,573) | (300,573) | (300,573) | (300,573) | (300,573) | (300,573) | (300,573) | (300,573) | (300,573) | (300,573) | (300,573) | (300,573) | (300,573) | (300,573) | (300,573) | (300,573) | (300,573) | (300,573) | (300,573) | (300,573) | (300,573) | (300,573) | (300,573) | (300,573) | (300,573) | (300,573) | (300,573) | (300,573) | (300,573) | (300,573) | (300,573) | (300,573) | (300,573) | (300,573) | (300,573) | (300,573) | (300,573) | (300,573) | (300,573) | (300,573) | (300,573) | (300,573) | (300,573) | (300,573) | (300,573) | (300,573) | (300,573) | (300,573) | (300,573) | (300,573) | (300,573) | (300,573) | (300,573) | (300,573) | (300,573) | (300,573) | (300,573) | (300,573) | (300,573) | (300,573) | (300,573) | (300,573) | (300,573) | (300,573) | (300,573) | (300,573) | (300,573) | (300,573) | (300,573) | (300,573) | (300,573) | (300,573) | (300,573) | (300,573) | (300,573) | (300,573) | (300,573) | (300,573) | (300,573) | (300,573) | (300,573) | (300,573) | (300,573) | (300,573) | (300,573) | (300,573) | (300,573) | (300,573) | (300,573) | (300,573) | (300,573) | (300,573) | (300,573) | (300,573) | (300,573) | (300,573) | (300,573) | (300,573) | (300,573) | (300,573) | (300,573) | (300,573) | (300,573) | (300,573) | (300,573) | (300,573) | (300,573) | (300,573) | (300,573) | (300,573) | (300,573) | (300,573) | (300,573) | (300,573) | (300,573) | (300,573) | (300,573) | (300,573) | (300,573) | (300,573) | (300,573) | (300,573) | (300,573) | (300,573) | (300,573) | (300,573) | (300,573) | (300,573) | (300,573) | (300,573) | (300,573) | (300,573) | (300,573) | (300,573) | (300,573) | (300,573) | (300,573) | (300,573) | (300,573) | (300,573) | (300,573) | (300,573) | (300,573) | (300,573) | (300,573) | (300,573) | (300,573) | (300,573) | (300,573) | (300,573) | (300,573) | (300,573) | (300,573) | (300,573) | (300,573) | (300,573) | (300,573) | (300,573) | (300,573) | (300,573) | (300,573) 
| (70,135) | (70,135) | (70,135) | (70,135) | (70,135) | (70,135) | (70,135) | (70,135) | (70,135) | (70,135) | (70,135) | (70,135) | (70,135) | (70,135) | (70,135) | (70,135) | (70,135) | (70,135) | (70,135) | (70,135) | (70,135) | (70,135) | (70,135) | (70,135) | (70,135) | (70,135) | (70,135) | (70,135) | (70,135) | (70,135) | (70,135) | (70,135) | (70,135) | (70,135) | (70,135) | (70,135) | (70,135) | (70,135) | (70,135) | (70,135) | (70,135) | (70,135) | (70,135) | (70,135) | (70,135) | (70,135) | (70,135) | (70,135) | (70,135) | (70,135) | (70,135) | (70,135) | (70,135) | (70,135) | (70,135) | (70,135) | (70,135) | (70,135) | (70,135) | (70,135) | (70,135) | (70,135) | (70,135) | (70,135) | (70,135) | (70,135) | (70,135) | (70,135) | (70,135) | (70,135) | (70,135) | (70,135) | (70,135) | (143,274) | (143,274) | (143,274) | (143,274) | (147,284) | (147,284) | (147,284) | (150,285) | (150,285) | (152,291) | (152,291) | (152,291) | (152,291) | (152,291) | (152,291) | (152,291) | (152,291) | (152,291) | (152,291) | (152,291) | (152,291) | (152,291) | (152,291) | (152,291) | (152,291) | (152,291) | (152,291) | (152,291) | (152,291) | (152,291) | (152,291) | (152,291) | (152,291) | (152,291) | (152,291) | (152,291) | (152,291) | (152,291) | (152,291) | (152,291) | (152,291) | (152,291) | (152,291) | (152,291) | (152,291) | (152,291) | (152,291) | (152,291) | (152,291) | (152,291) | (152,291) | (152,291) | (152,291) | (152,291) | (152,291) | (152,291) | (152,291) | (152,291) | (152,291) | (152,291) | (152,291) | (152,291) | (152,291) | (152,291) | (152,291) | (152,291) | (152,291) | (152,291) | (152,291) | (152,291) | (152,291) | (152,291) | (152,291) | (152,291) | (152,291) | (152,291) | (152,291) | (220,423) | (220,423) | (220,423) | (223,424) | (223,424) | (225,430) | (225,430) | (227,434) | (227,434) | (229,440) | (229,440) | (229,440) | (232,441) | (232,441) | (232,441) | (232,441) | (232,441) | (232,441) | (232,441) | (232,441) | (232,441) | (232,441) | (232,441) | (232,441) | (232,441) | (232,441) | (232,441) | (232,441) | (232,441) | (232,441) | (232,441) | (232,441) | (232,441) | (232,441) | (232,441) | (232,441) | (232,441) | (232,441) | (232,441) | (232,441) | (232,441) | (232,441) | (232,441) | (232,441) | (232,441) | (232,441) | (232,441) | (232,441) | (232,441) | (232,441) | (232,441) | (232,441) | (232,441) | (232,441) | (232,441) | (232,441) | (232,441) | (232,441) | (232,441) | (232,441) | (232,441) | (232,441) | (232,441) | (232,441) | (232,441) | (232,441) | (232,441) | (232,441) | (232,441) | (232,441) | (232,441) | (232,441) | (232,441) | (232,441) | (232,441) | (232,441) | (232,441) | (232,441) | (232,441) | (232,441) | (300,573) | (300,573) | (302,579) | (302,579) | (302,579) | (305,580) | (305,580) | (305,580) | (305,580) | (309,590) | (309,590) | (309,590) | (309,590) | (309,590) | (309,590) | (309,590) | (309,590) | (309,590) | (309,590) | (309,590) | (309,590) | (309,590) | (309,590) | (309,590) | (309,590) | (309,590) | (309,590) | (309,590) | (309,590) | (309,590) | (309,590) | (309,590) | (309,590) | (309,590) | (309,590) | (309,590) | (309,590) | (309,590) | (309,590) | (309,590) | (309,590) | (309,590) | (309,590) | (309,590) | (309,590) | (309,590) | (309,590) | (309,590) | (309,590) | (309,590) | (309,590) | (309,590) | (309,590) | (309,590) | (309,590) | (309,590) | (309,590) | (309,590) | (309,590) | (309,590) | (309,590) | (309,590) | (309,590) | (309,590) | (309,590) | (309,590) | (309,590) | (309,590) | (309,590) | (309,590) | (309,590) | (309,590) | (309,590) | (309,590) | (309,590) | (309,590) | (309,590) | (309,590) | (309,590) | (309,590) | (309,590) | (309,590) | (382,729) | (382,729) | (382,729) | (382,729) | (382,729) | (382,729) | (382,729) | (382,729) | (382,729) | (382,729) | (382,729) | (382,729) | (382,729) | (382,729) | (382,729) | (382,729) | (382,729) | (382,729) | (382,729) | (382,729) | (382,729) | (382,729) | (382,729) | (382,729) | (382,729) | (382,729) | (382,729) | (382,729) | (382,729) | (382,729) | (382,729) | (382,729) | (382,729) | (382,729) | (382,729) | (382,729) | (382,729) | (382,729) | (382,729) | (382,729) | (382,729) | (382,729) | (382,729) | (382,729) | (382,729) | (382,729) | (382,729) | (382,729) | (382,729) | (382,729) | (382,729) | (382,729) | (382,729) | (382,729) | (382,729) | (382,729) | (382,729) | (382,729) | (382,729) | (382,729) | (382,729) | (382,729) | (382,729) | (382,729) | (382,729) | (382,729) | (382,729) | (382,729) | (382,729) | (382,729) | (382,729) | (382,729) | (382,729) | (382,729) | (382,729) | (382,729) | (382,729) | (382,729) | (382,729) | (382,729) | (382,729) | (382,729) | (382,729) | (382,729) | (382,729) | (382,729) | (382,729) | (382,729) | (382,729) | (382,729) | (382,729) | (382,729) | (382,729) | (382,729) | (382,729) | (382,729) | (382,729) | (382,729) | (382,729) | (382,729) | (382,729) | (382,729) | (382,729) | (382,729) | (382,729) | (382,729) | (382,729) | (382,729) | (382,729) | (382,729) | (382,729) | (382,729) | (382,729) | (382,729) | (382,729) | (382,729) | (382,729) | (382,729) | (382,729) | (382,729) | (382,729) | (382,729) | (382,729) | (382,729) | (382,729) | (382,729) | (382,729) | (382,729) | (382,729) | (382,729) | (382,729) | (382,729) | (382,729) | (382,729) | (382,729) | (382,729) | (382,729) | (382,729) | (382,729) | (382,729) | (382,729) | (382,729) | (382,729) | (382,729) | (382,729) | (382,729) | (382,729) | (382,729) | (382,729) | (382,729) | (382,729) | (382,729) | (382,729) | (382,729) | (382,729) | (382,729) | (382,729) | (382,729) | (382,729) | (382,729) | (382,729) | (382,729) | (382,729) | (382,729) | (382,729) | (382,729) | (382,729) | (382,729) | (382,729) | (382,729) | (382,729) | (382,729) | (382,729) | (382,729) | (382,729) | (382,729) | (382,729) | (382,729) | (382,729) | (382,729) | (382,729) | (382,729) | (382,729) | (382,729) | (382,729) | (382,729) | (382,729) | (382,729) | (382,729) | (382,729) | (382,729) | (382,729) | (382,729) | (382,729) | (382,729) | (382,729) | (382,729) | (382,729) | (382,729) | (382,729) | (382,729) | (382,729) | (382,729) | (382,729) | (382,729) | (382,729) | (382,729) | (382,729) | (382,729) | (382,729) | (382,729) | (382,729) | (382,729) | (382,729) | (382,729) | (382,729) | (382,729) | (382,729) | (382,729) | (382,729) | (382,729) | (382,729) | (382,729) | (382,729) | (382,729) | (382,729) | (382,729) | (382,729) | (382,729) | (382,729) | (382,729) | (382,729) | (382,729) | (382,729) | (382,729) | (382,729) | (382,729) | (382,729) | (382,729) | (382,729) | (382,729) | (382,729) | (382,729) | (382,729) | (382,729) | (382,729) | (382,729) | (382,729) | (382,729) | (382,729) | (382,729) | (382,729) | (382,729) | (382,729) | (382,729) | (382,729) | (382,729) | (382,729) | (382,729) | (382,729) | (382,729) | (382,729) | (382,729) | (382,729) | (382,729) | (382,729) | (382,729) | (382,729) | (382,729) | (382,729) | (382,729) | (382,729) | (382,729) | (382,729) | (382,729) | (382,729) | (382,729) | (382,729) | (382,729) | (382,729) | (382,729) | (382,729) | (382,729) | (382,729) | (382,729) | (382,729) | (382,729) | (382,729) | (382,729) | (382,729) | (382,729) | (382,729) | (382,729) | (382,729) | (382,729) | (382,729) | (382,729) | (382,729) | (382,729) | (382,729) | (382,729) | (382,729) | (382,729) | (382,729) | (382,729) | (382,729) | (382,729) | (382,729) | (382,729) | (382,729) | (382,729) | (382,729) | (382,729) | (382,729) | (382,729) | (382,729) | (382,729) | (382,729) | (382,729) | (382,729) | (382,729) | (382,729) | (382,729) | (382,729) | (382,729) | (382,729) | (382,729) | (382,729) | (382,729) | (382,729) | (382,729) | (382,729) | (382,729) | (382,729) | (382,729) | (382,729) | (382,729) | (382,729) | (382,729) | (382,729) | (382,729) | (382,729) | (382,729) | (382,729) | (382,729) | (382,729) | (382,729) | (382,729) | (382,729) | (382,729) | (382,729) | (382,729) | (382,729) | (382,729) | (382,729) | (382,729) | (382,729) | (382,729) | (382,729) | (382,729) | (382,729) | (382,729) | (382,729) | (382,729) | (382,729) | (382,729) | (382,729) | (382,729) | (382,729) | (382,729) | (382,729) | (382,729) | (382,729) | (382,729) | (382,729) | (382,729) | (382,729) | (382,729) | (382,729) | (382,729) | (382,729) | (382,729) | (382,729) | (382,729) | (382,729) | (382,729) | (382,729) | (382,729) | (382,729) | (382,729) | (382,729) | (382,729) | (382,729) | (382,729) | (382,729) | (382,729) | (382,729) | (382,729) | (382,729) | (382,729) | (382,729) | (382,729) | (382,729) | (382,729) | (382,729) | (382,729) | (382,729) | (382,729) | (382,729) | (382,729) | (382,729) | (382,729) | (382,729) | (382,729) | (382,729) | (382,729) | (382,729) | (382,729) | (382,729) | (382,729) | (382,729) | (382,729) | (382,729) | (382,729) | (382,729) | (382,729) | (382,729) | (382,729) | (382,729) | (382,729) | (382,729) | (382,729) | (382,729) | (382,729) | (382,729) | (382,729) | (382,729) | (382,729) | (382,729) 
| (70,135) | (70,135) | (70,135) | (70,135) | (70,135) | (70,135) | (70,135) | (70,135) | (70,135) | (70,135) | (70,135) | (70,135) | (70,135) | (70,135) | (70,135) | (70,135) | (70,135) | (70,135) | (70,135) | (70,135) | (70,135) | (70,135) | (70,135) | (70,135) | (70,135) | (70,135) | (70,135) | (70,135) | (70,135) | (70,135) | (70,135) | (70,135) | (70,135) | (70,135) | (70,135) | (70,135) | (70,135) | (70,135) | (70,135) | (70,135) | (70,135) | (70,135) | (70,135) | (70,135) | (70,135) | (70,135) | (70,135) | (70,135) | (70,135) | (70,135) | (70,135) | (70,135) | (70,135) | (70,135) | (70,135) | (70,135) | (70,135) | (70,135) | (70,135) | (70,135) | (70,135) | (70,135) | (70,135) | (70,135) | (70,135) | (70,135) | (70,135) | (70,135) | (70,135) | (70,135) | (70,135) | (70,135) | (70,135) | (143,274) | (143,274) | (143,274) | (143,274) | (147,284) | (147,284) | (147,284) | (150,285) | (150,285) | (152,291) | (152,291) | (152,291) | (152,291) | (152,291) | (157,298) | (157,298) | (157,298) | (157,298) | (157,298) | (157,298) | (157,298) | (157,298) | (157,298) | (157,298) | (157,298) | (157,298) | (157,298) | (157,298) | (157,298) | (157,298) | (157,298) | (157,298) | (157,298) | (157,298) | (157,298) | (157,298) | (157,298) | (157,298) | (157,298) | (157,298) | (157,298) | (157,298) | (157,298) | (157,298) | (157,298) | (157,298) | (157,298) | (157,298) | (157,298) | (157,298) | (157,298) | (157,298) | (157,298) | (157,298) | (157,298) | (157,298) | (157,298) | (157,298) | (157,298) | (157,298) | (157,298) | (157,298) | (157,298) | (157,298) | (157,298) | (157,298) | (157,298) | (157,298) | (157,298) | (157,298) | (157,298) | (157,298) | (157,298) | (157,298) | (157,298) | (157,298) | (157,298) | (220,423) | (220,423) | (220,423) | (223,424) | (223,424) | (225,430) | (225,430) | (227,434) | (227,434) | (229,440) | (229,440) | (229,440) | (232,441) | (232,441) | (234,447) | (234,447) | (234,447) | (237,448) | (237,448) | (239,454) | (239,454) | (239,454) | (239,454) | (239,454) | (239,454) | (239,454) | (239,454) | (239,454) | (239,454) | (239,454) | (239,454) | (239,454) | (239,454) | (239,454) | (239,454) | (239,454) | (239,454) | (239,454) | (239,454) | (239,454) | (239,454) | (239,454) | (239,454) | (239,454) | (239,454) | (239,454) | (239,454) | (239,454) | (239,454) | (239,454) | (239,454) | (239,454) | (239,454) | (239,454) | (239,454) | (239,454) | (239,454) | (239,454) | (239,454) | (239,454) | (239,454) | (239,454) | (239,454) | (239,454) | (239,454) | (239,454) | (239,454) | (239,454) | (239,454) | (239,454) | (239,454) | (239,454) | (239,454) | (239,454) | (239,454) | (239,454) | (239,454) | (239,454) | (239,454) | (239,454) | (300,573) | (300,573) | (302,579) | (302,579) | (302,579) | (305,580) | (305,580) | (307,586) | (307,586) | (309,590) | (309,590) | (309,590) | (312,593) | (312,593) | (314,597) | (314,597) | (316,603) | (316,603) | (316,603) | (319,604) | (319,604) | (319,604) | (319,604) | (319,604) | (319,604) | (319,604) | (319,604) | (319,604) | (319,604) | (319,604) | (319,604) | (319,604) | (319,604) | (319,604) | (319,604) | (319,604) | (319,604) | (319,604) | (319,604) | (319,604) | (319,604) | (319,604) | (319,604) | (319,604) | (319,604) | (319,604) | (319,604) | (319,604) | (319,604) | (319,604) | (319,604) | (319,604) | (319,604) | (319,604) | (319,604) | (319,604) | (319,604) | (319,604) | (319,604) | (319,604) | (319,604) | (319,604) | (319,604) | (319,604) | (319,604) | (319,604) | (319,604) | (319,604) | (319,604) | (319,604) | (319,604) | (319,604) | (319,604) | (319,604) | (319,604) | (319,604) | (319,604) | (319,604) | (319,604) | (319,604) | (319,604) | (319,604) | (382,729) | (382,729) | (382,729) | (382,729) | (382,729) | (387,736) | (387,736) | (389,742) | (389,742) | (389,742) | (392,743) | (392,743) | (392,743) | (392,743) | (396,753) | (396,753) | (396,753) | (396,753) | (396,753) | (396,753) | (396,753) | (396,753) | (396,753) | (396,753) | (396,753) | (396,753) | (396,753) | (396,753) | (396,753) | (396,753) | (396,753) | (396,753) | (396,753) | (396,753) | (396,753) | (396,753) | (396,753) | (396,753) | (396,753) | (396,753) | (396,753) | (396,753) | (396,753) | (396,753) | (396,753) | (396,753) | (396,753) | (396,753) | (396,753) | (396,753) | (396,753) | (396,753) | (396,753) | (396,753) | (396,753) | (396,753) | (396,753) | (396,753) | (396,753) | (396,753) | (396,753) | (396,753) | (396,753) | (
[...]
| (70,135) | (70,135) | (70,135) | (70,135) | (70,135) | (70,135) | (70,135) | (70,135) | (70,135) | (70,135) | (70,135) | (70,135) | (70,135) | (70,135) | (70,135) | (70,135) | (70,135) | (70,135) | (70,135) | (70,135) | (70,135) | (70,135) | (70,135) | (70,135) | (70,135) | (70,135) | (70,135) | (70,135) | (70,135) | (70,135) | (70,135) | (70,135) | (70,135) | (70,135) | (70,135) | (70,135) | (70,135) | (70,135) | (70,135) | (70,135) | (70,135) | (70,135) | (70,135) | (70,135) | (70,135) | (70,135) | (70,135) | (70,135) | (70,135) | (70,135) | (70,135) | (70,135) | (70,135) | (70,135) | (70,135) | (70,135) | (70,135) | (70,135) | (70,135) | (70,135) | (70,135) | (70,135) | (70,135) | (70,135) | (70,135) | (70,135) | (70,135) | (70,135) | (70,135) | (70,135) | (70,135) | (70,135) | (70,135) | (143,274) | (143,274) | (143,274) | (143,274) | (147,284) | (147,284) | (147,284) | (150,285) | (150,285) | (152,291) | (152,291) | (152,291) | (152,291) | (152,291) | (157,298) | (157,298) | (157,298) | (160,308) | (160,308) | (160,308) | (160,308) | (164,319) | (164,319) | (164,319) | (164,319) | (168,327) | (168,327) | (168,327) | (168,327) | (168,327) | (168,327) | (168,327) | (168,327) | (176,336) | (176,336) | (176,336) | (176,336) | (180,345) | (180,345) | (180,345) | (183,349) | (183,349) | (185,356) | (185,356) | (185,356) | (188,364) | (188,364) | (188,364) | (188,364) | (188,364) | (188,364) | (188,364) | (188,364) | (188,364) | (188,364) | (188,364) | (188,364) | (188,364) | (188,364) | (188,364) | (188,364) | (188,364) | (188,364) | (188,364) | (188,364) | (188,364) | (188,364) | (188,364) | (188,364) | (188,364) | (188,364) | (188,364) | (188,364) | (188,364) | (188,364) | (188,364) | (188,364) | (220,423) | (220,423) | (220,423) | (223,424) | (223,424) | (225,430) | (225,430) | (227,434) | (227,434) | (229,440) | (229,440) | (229,440) | (232,441) | (233,447) | (234,447) | (234,447) | (234,447) | (237,458) | (237,458) | (237,458) | (240,458) | (241,468) | (241,468) | (241,468) | (244,469) | (245,476) | (245,476) | (245,476) | (248,477) | (248,477) | (250,483) | (250,483) | (250,483) | (253,485) | (254,492) | (254,492) | (254,492) | (257,494) | (258,500) | (258,500) | (258,500) | (261,503) | (262,511) | (262,511) | (262,511) | (265,513) | (265,513) | (265,513) | (268,514) | (268,514) | (270,520) | (270,520) | (270,520) | (273,522) | (274,529) | (274,529) | (274,529) | (277,533) | (278,537) | (279,540) | (279,540) | (281,541) | (282,548) | (283,548) | (283,548) | (283,548) | (286,556) | (286,556) | (286,556) | (286,556) | (286,556) | (291,557) | (291,557) | (293,559) | (294,565) | (295,566) | (295,566) | (295,566) | (298,574) | (298,574) | (298,574) | (301,578) | (302,579) | (303,585) | (303,585) | (303,585) | (303,585) | (307,586) | (307,586) | (309,590) | (310,596) | (310,596) | (310,596) | (313,597) | (314,607) | (314,607) | (314,607) | (317,608) | (318,615) | (318,615) | (318,615) | (321,618) | (321,618) | (323,624) | (323,624) | (325,626) | (325,626) | (327,632) | (327,632) | (327,632) | (330,633) | (331,641) | (331,641) | (331,641) | (334,642) | (335,650) | (335,650) | (335,650) | (338,652) | (339,660) | (339,660) | (339,660) | (342,661) | (342,661) | (344,667) | (344,667) | (344,667) | (347,669) | (347,669) | (349,674) | (349,674) | (351,678) | (352,684) | (352,684) | (352,684) | (355,687) | (356,689) | (356,689) | (358,690) | (359,697) | (360,697) | (360,697) | (362,698) | (363,705) | (363,705) | (363,705) | (366,706) | (367,706) | (368,712) | (369,713) | (369,713) | (371,714) | (372,721) | (372,721) | (372,721) | (375,725) | (376,729) | (377,732) | (377,732) | (377,732) | (380,740) | (380,740) | (380,740) | (380,740) | (380,740) | (385,741) | (385,741) | (387,743) | (388,749) | (389,750) | (389,750) | (391,751) | (392,758) | (393,758) | (393,758) | (395,762) | (396,766) | (397,769) | (397,769) | (399,770) | (400,771) | (401,777) | (401,777) | (401,777) | (404,780) | (404,780) | (404,780) | (407,782) | (408,788) | (408,788) | (408,788) | (411,791) | (412,799) | (412,799) | (412,799) | (415,800) | (415,800) | (417,806) | (417,806) | (419,810) | (419,810) | (421,816) | (421,816) | (421,816) | (424,817) | (425,823) | (426,823) | (426,823) | (428,825) | (429,833) | (429,833) | (429,833) | (432,836) | (433,836) | (434,840) | (434,840) | (436,844) | (436,844) | (438,845) | (439,847) | (439,847) | (441,853) | (442,853) | (443,855) | (444,855) | (445,861) | (446,862) | (446,862) | (448,864) | (449,870) | (450,871) | (450,871) | (452,874) | (453,879) | (454,881) | (454,881) | (454,881) | (457,889) | (457,889) | (457,889) | (460,890) | (460,890) | (462,896) | (462,896) | (462,896) | (465,898) | (466,899) | (467,905) | (467,905) | (469,907) | (470,913) | (470,913) | (470,913) | (473,915) | (474,918) | (474,918) | (476,919) | (476,919) | (478,926) | (478,926) | (478,926) | (481,927) | (482,931) | (483,933) | (483,933) | (485,935) | (486,941) | (487,942) | (487,942) | (489,943) | (490,950) | (490,950) | (490,950) | (493,954) | (494,955) | (495,961) | (495,961) | (495,961) | (495,961) | (499,962) | (499,962) | (501,966) | (502,972) | (502,972) | (502,972) | (505,973) | (506,973) | (507,979) | (508,979) | (509,983) | (509,983) | (511,989) | (511,989) | (511,989) | (514,992) | (515,992) | (516,996) | (516,996) | (518,1000) | (519,1001) | (519,1001) | (521,1003) | (522,1009) | (522,1009) | (522,1009) | (525,1013) | (526,1017) | (527,1020) | (527,1020) | (529,1020) | (530,1028) | (530,1028) | (530,1028) | (533,1029) | (534,1031) | (535,1035) | (536,1037) | (537,1039) | (537,1039) | (539,1045) | (539,1045) | (539,1045) | (542,1047) | (543,1052) | (544,1054) | (544,1054) | (544,1054) | (547,1062) | (547,1062) | (547,1062) | (550,1063) | (551,1065) | (552,1069) | (552,1069) | (552,1069) | (555,1071) | (556,1074) | (557,1076) | (557,1076) | (559,1080) | (560,1082) | (560,1082) | (562,1084) | (563,1090) | (564,1091) | (564,1091) | (566,1093) | (567,1099) | (568,1100) | (568,1100) | (570,1103) | (570,1103) | (572,1110) | (572,1110) | (572,1110) | (575,1111) | (576,1114) | (577,1117) | (577,1117) | (577,1117) | (580,1123) | (580,1123) | (582,1124) | (583,1127) | (584,1128) | (585,1134) | (585,1134) | (585,1134) | (588,1136) | (588,1136) | (588,1136) | (591,1140) | (592,1140) | (593,1143) | (593,1143) | (595,1145) | (596,1151) | (597,1152) | (598,1152) | (599,1155) | (600,1156) | (601,1162) | (601,1162) | (603,1164) | (604,1165) | (605,1171) | (605,1171) | (605,1171) | (608,1175) | (609,1176) | (610,1178) | (610,1178) | (612,1184) | (612,1184) | (612,1184) | (615,1186) | (616,1187) | (617,1193) | (617,1193) | (619,1195) | (620,1201) | (620,1201) | (620,1201) | (623,1202) | (624,1204) | (625,1208) | (626,1210) | (627,1212) | (627,1212) | (629,1218) | (629,1218) | (629,1218) | (632,1219) | (633,1221) | (634,1225) | (634,1225) | (636,1229) | (637,1230) | (637,1230) | (639,1232) | (640,1238) | (640,1238) | (642,1238) | (643,1242) | (643,1242) | (645,1249) | (645,1249) | (647,1249) | (648,1250) | (649,1255) | (650,1256) | (650,1256) | (652,1260) | (653,1263) | (654,1266) | (654,1266) | (656,1266) | (657,1272) | (658,1273) | (659,1273) | (660,1276) | (660,1276) | (662,1283) | (662,1283) | (662,1283) | (665,1284) | (665,1284) | (667,1290) | (667,1290) | (669,1290) | (670,1292) | (670,1292) | (672,1297) | (673,1300) | (674,1301) | (674,1301) | (676,1304) | (677,1305) | (678,1311) | (678,1311) | (680,1313) | (681,1314) | (682,1320) | (682,1320) | (682,1320) | (685,1324) | (686,1324) | (687,1327) | (687,1327) | (689,1328) | (690,1331) | (691,1335) | (691,1335) | (693,1337) | (694,1338) | (695,1344) | (695,1344) | (695,1344) | (698,1348) | (699,1349) | (700,1351) | (700,1351) | (702,1357) | (702,1357) | (702,1357) | (705,1358) | (706,1360) | (707,1364) | (707,1364) | (709,1368) | (709,1368) | (711,1372) | (711,1372) | (713,1373) | (714,1376) | (715,1377) | (716,1381) | (716,1381) | (718,1385) | (719,1386) | (720,1388) | (720,1388) | (722,1394) | (723,1394) | (723,1394) | (725,1399) | (726,1402) | (727,1405) | (727,1405) | (729,1405) | (730,1411) | (730,1411) | (732,1412) | (733,1415) | (734,1416) | (735,1422) | (735,1422) | (737,1422) | (738,1423) | (739,1428) | (740,1429) | (741,1429) | (742,1433) | (742,1433) | (744,1439) | (744,1439) | (746,1439) | (747,1440) | (747,1440) | (749,1446) | (749,1446) | (751,1450) | (751,1450) | (753,1452) | (754,1453) | (755,1459) | (755,1459) | (755,1459) | (758,1463) | (759,1463) | (760,1467) | (760,1467) | (762,1470) | (763,1473) | (764,1476) | (764,1476) | (766,1477) | (767,1480) | (768,1484) | (768,1484) | (770,1486) | (771,1487) | (772,1493) | (772,1493) | (772,1493) | (775,1497) | (775,1497) | (777,1500) | (777,1500) | (777,1500) | (780,1504) | (780,1504) | (782,1507) | (782,1507) | (784,1511) | (784,1511) | (786,1514) | (787,1515) | (788,1521) | (788,1521) | (788,1521) | (791,1525) | (791,1525) | (793,1528) | (793,1528) | (795,1534) | (795,1534) | (795,1534) | (798,1535) | (799,1538) | (800,1541) | (801,1545) | (801,1545) | (801,1545) | (804,1549) | (805,1550) | (806,1552) | (807,1555) | (808,1558) | (809,1559) | (810,1561) | (810,1561) | (812,1567) | (812,1567) | (814,1568) | (815,1572) | (815,1572) | (817,1578) | (817,1578) | (819,1578) | (820,1579) 
| (70,135) | (70,135) | (70,135) | (70,135) | (70,135) | (70,135) | (70,135) | (70,135) | (70,135) | (70,135) | (70,135) | (70,135) | (70,135) | (70,135) | (70,135) | (70,135) | (70,135) | (70,135) | (70,135) | (70,135) | (70,135) | (70,135) | (70,135) | (70,135) | (70,135) | (70,135) | (70,135) | (70,135) | (70,135) | (70,135) | (70,135) | (70,135) | (70,135) | (70,135) | (70,135) | (70,135) | (70,135) | (70,135) | (70,135) | (70,135) | (70,135) | (70,135) | (70,135) | (70,135) | (70,135) | (70,135) | (70,135) | (70,135) | (70,135) | (70,135) | (70,135) | (70,135) | (70,135) | (70,135) | (70,135) | (70,135) | (70,135) | (70,135) | (70,135) | (70,135) | (70,135) | (70,135) | (70,135) | (70,135) | (70,135) | (70,135) | (70,135) | (70,135) | (70,135) | (70,135) | (70,135) | (70,135) | (70,135) | (143,274) | (143,274) | (143,274) | (143,274) | (147,284) | (147,284) | (147,284) | (150,285) | (150,285) | (152,291) | (152,291) | (152,291) | (152,291) | (152,291) | (157,298) | (157,298) | (157,298) | (160,308) | (160,308) | (160,308) | (160,308) | (164,319) | (164,319) | (164,319) | (164,319) | (168,327) | (168,327) | (168,327) | (168,327) | (168,327) | (168,327) | (168,327) | (168,327) | (176,336) | (176,336) | (176,336) | (176,336) | (180,345) | (180,345) | (180,345) | (183,349) | (183,349) | (185,356) | (185,356) | (185,356) | (188,364) | (188,364) | (190,375) | (190,375) | (190,375) | (190,375) | (190,375) | (190,375) | (190,375) | (190,375) | (190,375) | (190,375) | (190,375) | (190,375) | (190,375) | (190,375) | (190,375) | (190,375) | (190,375) | (190,375) | (190,375) | (190,375) | (190,375) | (190,375) | (190,375) | (190,375) | (190,375) | (190,375) | (190,375) | (190,375) | (190,375) | (190,375) | (220,423) | (220,423) | (220,423) | (223,424) | (223,424) | (225,430) | (225,430) | (227,434) | (227,434) | (229,440) | (229,440) | (229,440) | (232,441) | (233,447) | (234,447) | (234,447) | (234,447) | (237,458) | (237,458) | (237,458) | (240,458) | (241,468) | (241,468) | (241,468) | (244,469) | (245,476) | (245,476) | (245,476) | (248,477) | (248,477) | (250,483) | (250,483) | (250,483) | (253,485) | (254,492) | (254,492) | (254,492) | (257,494) | (258,500) | (258,500) | (258,500) | (261,503) | (262,511) | (263,514) | (263,514) | (263,514) | (263,514) | (267,524) | (267,524) | (267,524) | (270,525) | (270,525) | (272,531) | (272,531) | (272,531) | (272,531) | (272,531) | (277,538) | (277,538) | (279,540) | (280,548) | (280,548) | (282,548) | (283,548) | (284,559) | (284,559) | (284,559) | (284,559) | (288,567) | (288,567) | (288,567) | (288,567) | (288,567) | (288,567) | (288,567) | (288,567) | (296,576) | (296,576) | (296,576) | (296,576) | (300,585) | (300,585) | (300,585) | (303,589) | (303,589) | (305,596) | (305,596) | (305,596) | (308,604) | (308,604) | (308,604) | (308,604) | (308,604) | (308,604) | (314,607) | (314,607) | (314,607) | (317,608) | (318,615) | (318,615) | (318,615) | (321,618) | (321,618) | (323,624) | (323,624) | (325,626) | (325,626) | (327,632) | (327,632) | (327,632) | (330,633) | (331,641) | (331,641) | (331,641) | (334,642) | (335,650) | (335,650) | (335,650) | (338,652) | (339,660) | (340,663) | (340,663) | (340,663) | (343,664) | (344,667) | (345,670) | (345,670) | (347,674) | (347,674) | (349,680) | (349,680) | (349,680) | (352,684) | (353,687) | (354,687) | (355,687) | (356,689) | (357,698) | (357,698) | (357,698) | (360,698) | (361,708) | (361,708) | (361,708) | (364,709) | (365,716) | (365,716) | (365,716) | (368,717) | (368,717) | (370,723) | (370,723) | (370,723) | (373,725) | (374,732) | (374,732) | (374,732) | (377,734) | (378,740) | (378,740) | (380,740) | (381,743) | (382,751) | (382,751) | (382,751) | (385,753) | (385,753) | (385,753) | (388,754) | (388,754) | (390,760) | (390,760) | (390,760) | (393,762) | (394,769) | (394,769) | (394,769) | (397,773) | (398,777) | (399,780) | (399,780) | (401,781) | (402,788) | (403,788) | (403,788) | (403,788) | (406,796) | (406,796) | (406,796) | (406,796) | (406,796) | (411,797) | (412,799) | (412,799) | (414,805) | (415,806) | (415,806) | (417,806) | (418,814) | (418,814) | (418,814) | (421,818) | (422,819) | (423,825) | (423,825) | (423,825) | (423,825) | (427,826) | (427,826) | (429,833) | (430,836) | (430,836) | (432,836) | (433,837) | (434,847) | (434,847) | (434,847) | (437,848) | (438,855) | (438,855) | (438,855) | (441,858) | (441,858) | (443,864) | (443,864) | (445,866) | (445,866) | (447,872) | (447,872) | (447,872) | (450,873) | (451,881) | (451,881) | (451,881) | (454,882) | (455,890) | (455,890) | (455,890) | (458,892) | (459,900) | (459,900) | (459,900) | (462,901) | (462,901) | (464,907) | (464,907) | (464,907) | (467,909) | (467,909) | (469,914) | (469,914) | (471,918) | (472,924) | (472,924) | (472,924) | (475,927) | (476,929) | (476,929) | (478,930) | (479,937) | (480,937) | (480,937) | (482,938) | (483,945) | (483,945) | (483,945) | (486,946) | (487,946) | (488,952) | (489,953) | (489,953) | (491,954) | (492,961) | (492,961) | (492,961) | (495,965) | (496,969) | (497,972) | (497,972) | (497,972) | (500,980) | (500,980) | (500,980) | (500,980) | (500,980) | (505,981) | (505,981) | (507,983) | (508,989) | (509,990) | (509,990) | (511,991) | (512,998) | (513,998) | (513,998) | (515,1002) | (516,1006) | (517,1009) | (517,1009) | (519,1010) | (520,1011) | (521,1017) | (521,1017) | (521,1017) | (524,1020) | (524,1020) | (524,1020) | (527,1022) | (528,1028) | (528,1028) | (530,1028) | (531,1031) | (532,1039) | (532,1039) | (532,1039) | (535,1040) | (535,1040) | (537,1046) | (537,1046) | (539,1050) | (539,1050) | (541,1056) | (541,1056) | (541,1056) | (544,1057) | (545,1063) | (546,1063) | (546,1063) | (548,1065) | (549,1073) | (549,1073) | (549,1073) | (552,1076) | (553,1076) | (554,1080) | (554,1080) | (556,1084) | (556,1084) | (558,1085) | (559,1087) | (559,1087) | (561,1093) | (562,1093) | (563,1095) | (564,1095) | (565,1101) | (566,1102) | (566,1102) | (568,1104) | (569,1110) | (570,1111) | (570,1111) | (572,1114) | (573,1119) | (574,1121) | (574,1121) | (574,1121) | (577,1129) | (577,1129) | (577,1129) | (580,1130) | (580,1130) | (582,1136) | (582,1136) | (582,1136) | (585,1138) | (586,1139) | (587,1145) | (587,1145) | (589,1147) | (590,1153) | (590,1153) | (590,1153) | (593,1155) | (594,1158) | (594,1158) | (596,1159) | (596,1159) | (598,1166) | (598,1166) | (598,1166) | (601,1167) | (602,1171) | (603,1173) | (603,1173) | (605,1175) | (606,1181) | (607,1182) | (607,1182) | (609,1183) | (610,1190) | (610,1190) | (610,1190) | (613,1194) | (614,1195) | (615,1201) | (615,1201) | (615,1201) | (615,1201) | (619,1202) | (619,1202) | (621,1206) | (622,1212) | (622,1212) | (622,1212) | (625,1213) | (626,1213) | (627,1219) | (628,1219) | (629,1223) | (629,1223) | (631,1229) | (631,1229) | (631,1229) | (634,1232) | (635,1232) | (636,1236) | (636,1236) | (638,1240) | (639,1241) | (639,1241) | (641,1243) | (642,1249) | (642,1249) | (642,1249) | (645,1253) | (646,1257) | (647,1260) | (647,1260) | (649,1260) | (650,1268) | (650,1268) | (650,1268) | (653,1269) | (654,1271) | (655,1275) | (656,1277) | (657,1279) | (657,1279) | (659,1285) | (659,1285) | (659,1285) | (662,1287) | (663,1292) | (664,1294) | (664,1294) | (664,1294) | (667,1302) | (667,1302) | (667,1302) | (670,1303) | (671,1305) | (672,1309) | (672,1309) | (672,1309) | (675,1311) | (676,1314) | (677,1316) | (677,1316) | (679,1320) | (680,1322) | (680,1322) | (682,1324) | (683,1330) | (684,1331) | (684,1331) | (686,1333) | (687,1339) | (688,1340) | (688,1340) | (690,1343) | (690,1343) | (692,1350) | (692,1350) | (692,1350) | (695,1351) | (696,1354) | (697,1357) | (697,1357) | (697,1357) | (700,1363) | (700,1363) | (702,1364) | (703,1367) | (704,1368) | (705,1374) | (705,1374) | (705,1374) | (708,1376) | (708,1376) | (708,1376) | (711,1380) | (712,1380) | (713,1383) | (713,1383) | (715,1385) | (716,1391) | (717,1392) | (718,1392) | (719,1395) | (720,1396) | (721,1402) | (721,1402) | (723,1404) | (724,1405) | (725,1411) | (725,1411) | (725,1411) | (728,1415) | (729,1416) | (730,1418) | (730,1418) | (732,1424) | (732,1424) | (732,1424) | (735,1426) | (736,1427) | (737,1433) | (737,1433) | (739,1435) | (740,1441) | (740,1441) | (740,1441) | (743,1442) | (744,1444) | (745,1448) | (746,1450) | (747,1452) | (747,1452) | (749,1458) | (749,1458) | (749,1458) | (752,1459) | (753,1461) | (754,1465) | (754,1465) | (756,1469) | (757,1470) | (757,1470) | (759,1472) | (760,1478) | (760,1478) | (762,1478) | (763,1482) | (763,1482) | (765,1489) | (765,1489) | (767,1489) | (768,1490) | (769,1495) | (770,1496) | (770,1496) | (772,1500) | (773,1503) | (774,1506) | (774,1506) | (776,1506) | (777,1512) | (778,1513) | (779,1513) | (780,1516) | (780,1516) | (782,1523) | (782,1523) | (782,1523) | (785,1524) | (785,1524) | (787,1530) | (787,1530) | (789,1530) | (790,1532) | (790,1532) | (792,1537) | (793,1540) | (794,1541) | (794,1541) | (796,1544) | (797,1545) | (798,1551) | (798,1551) | (800,1553) | (801,1554) | (802,1560) | (802,1560) | (802,1560) | (805,1564) | (806,1564) | (807,1567) | (807,1567) | (809,1568) | (810,1571) | (811,1575) | (811,1575) | (813,1577) | (814,1578) | (815,1584) | (815,1584) | (815,1584) | (818,1588) | (819,1589) | (820,1591) 
]]></system-out>
  <system-err><![CDATA[]]></system-err>
</testsuite>
